(0000) 3000  0011000000000000 (  10)                 .ORIG x3000
(3000) 5020  0101000000100000 (  13)                 AND   R0 R0 #0
(3001) 5220  0101001000100000 (  14)                 AND   R1 R0 #0
(3002) 5420  0101010000100000 (  15)                 AND   R2 R0 #0
(3003) 5620  0101011000100000 (  16)                 AND   R3 R0 #0
(3004) 5820  0101100000100000 (  17)                 AND   R4 R0 #0
(3005) 5A20  0101101000100000 (  18)                 AND   R5 R0 #0
(3006) 5C20  0101110000100000 (  19)                 AND   R6 R0 #0
(3007) 5E20  0101111000100000 (  20)                 AND   R7 R0 #0
(3008) 2C8D  0010110010001101 (  23)                 LD    R6 STACK
(3009) 248F  0010010010001111 (  26)                 LD    R2 DATA
(300A) E04F  1110000001001111 (  29) BDCODE          LEA   R0 MODE
(300B) F022  1111000000100010 (  30)                 TRAP  x22
(300C) F020  1111000000100000 (  33)                 TRAP  x20
(300D) 7080  0111000010000000 (  34)                 STR   R0 R2 #0
(300E) F021  1111000000100001 (  35)                 TRAP  x21
(300F) 5220  0101001000100000 (  38)                 AND   R1 R0 #0
(3010) 927F  1001001001111111 (  39)                 NOT   R1 R1
(3011) 5201  0101001000000001 (  40)                 AND   R1 R0 R1
(3012) 927F  1001001001111111 (  41)                 NOT   R1 R1
(3013) 1261  0001001001100001 (  42)                 ADD   R1 R1 #1
(3014) 2682  0010011010000010 (  43)                 LD    R3 D
(3015) 16C1  0001011011000001 (  44)                 ADD   R3 R3 R1
(3016) 040A  0000010000001010 (  45)                 BRZ   DCODE
(3017) 2680  0010011010000000 (  46)                 LD    R3 E
(3018) 16C1  0001011011000001 (  47)                 ADD   R3 R3 R1
(3019) 0409  0000010000001001 (  48)                 BRZ   ECODE
(301A) E066  1110000001100110 (  52)                 LEA   R0 ILLEGA1
(301B) F022  1111000000100010 (  53)                 TRAP  x22
(301C) E0BC  1110000010111100 (  54)                 LEA   R0 CHAR
(301D) F022  1111000000100010 (  55)                 TRAP  x22
(301E) E087  1110000010000111 (  56)                 LEA   R0 ILLEGA2
(301F) F022  1111000000100010 (  57)                 TRAP  x22
(3020) 0FE9  0000111111101001 (  58)                 BRNZP BDCODE
(3021) 2282  0010001010000010 (  62) DCODE           LD    R1 HEX30
(3022) 0E0D  0000111000001101 (  63)                 BRNZP GDCODE
(3023) 227C  0010001001111100 (  67) ECODE           LD    R1 MINX30
(3024) 0E0B  0000111000001011 (  68)                 BRNZP GDCODE
(3025) E05B  1110000001011011 (  72) INVCHAR         LEA   R0 ILLEGA1
(3026) F022  1111000000100010 (  73)                 TRAP  x22
(3027) E0BB  1110000010111011 (  74)                 LEA   R0 STR1
(3028) F022  1111000000100010 (  75)                 TRAP  x22
(3029) E07C  1110000001111100 (  76)                 LEA   R0 ILLEGA2
(302A) F022  1111000000100010 (  77)                 TRAP  x22
(302B) 0E04  0000111000000100 (  78)                 BRNZP GDCODE
(302C) E08D  1110000010001101 (  81) REIN            LEA   R0 ILLEGA3
(302D) F022  1111000000100010 (  82)                 TRAP  x22
(302E) E077  1110000001110111 (  83)                 LEA   R0 ILLEGA2
(302F) F022  1111000000100010 (  84)                 TRAP  x22
(3030) 2469  0010010001101001 (  87) GDCODE          LD    R2 INPUTL
(3031) E03C  1110000000111100 (  88)                 LEA   R0 INPUTR
(3032) F022  1111000000100010 (  89)                 TRAP  x22
(3033) 5620  0101011000100000 (  93)                 AND   R3 R0 #0
(3034) 16EF  0001011011101111 (  94)                 ADD   R3 R3 #15
(3035) 16EF  0001011011101111 (  95)                 ADD   R3 R3 #15
(3036) F020  1111000000100000 (  98) INPUT           TRAP  x20
(3037) 1A36  0001101000110110 ( 101)                 ADD   R5 R0 #-10
(3038) 0415  0000010000010101 ( 104)                 BRZ   ENDIN
(3039) 2E66  0010111001100110 ( 112)                 LD    R7 MINX30
(303A) 1A07  0001101000000111 ( 113)                 ADD   R5 R0 R7
(303B) 09E9  0000100111101001 ( 114)                 BRN   INVCHAR
(303C) 1FF6  0001111111110110 ( 115)                 ADD   R7 R7 #-10
(303D) 1A07  0001101000000111 ( 116)                 ADD   R5 R0 R7
(303E) 0809  0000100000001001 ( 117)                 BRN   GDIN
(303F) 1FF9  0001111111111001 ( 118)                 ADD   R7 R7 #-7
(3040) 1A07  0001101000000111 ( 119)                 ADD   R5 R0 R7
(3041) 09E3  0000100111100011 ( 120)                 BRN   INVCHAR
(3042) 2E59  0010111001011001 ( 121)                 LD    R7 MINX5A
(3043) 1260  0001001001100000 ( 122)                 ADD   R1 R1 #0
(3044) 0801  0000100000000001 ( 123)                 BRN   GTOZOK
(3045) 2E57  0010111001010111 ( 124)                 LD    R7 MINX47
(3046) 1A07  0001101000000111 ( 125) GTOZOK          ADD   R5 R0 R7
(3047) 07DD  0000011111011101 ( 126)                 BRZP  INVCHAR
(3048) 16FF  0001011011111111 ( 131) GDIN            ADD   R3 R3 #-1
(3049) 09E2  0000100111100010 ( 132)                 BRN   REIN
(304A) 7080  0111000010000000 ( 136)                 STR   R0 R2 #0
(304B) 14A1  0001010010100001 ( 137)                 ADD   R2 R2 #1
(304C) F021  1111000000100001 ( 138)                 TRAP  x21
(304D) 0FE8  0000111111101000 ( 141)                 BRNZP INPUT
(304E) 7080  0111000010000000 ( 144) ENDIN           STR   R0 R2 #0
(304F) 7081  0111000010000001 ( 145)                 STR   R0 R2 #1
(3050) E02E  1110000000101110 ( 148)                 LEA   R0 NEWLINE
(3051) F022  1111000000100010 ( 149)                 TRAP  x22
(3052) 1260  0001001001100000 ( 153)                 ADD   R1 R1 #0
(3053) 0802  0000100000000010 ( 154)                 BRN   ENMODE
(3054) 4895  0100100010010101 ( 158)                 JSR   DECODE
(3055) 0E01  0000111000000001 ( 159)                 BRNZP ENDCODE
(3056) 48EA  0100100011101010 ( 162) ENMODE          JSR   ENCODE
(3057) 2043  0010000001000011 ( 166) ENDCODE         LD    R0 OUTPUT
(3058) F022  1111000000100010 ( 167)                 TRAP  x22
(3059) F025  1111000000100101 ( 170)                 TRAP  x25
(305A) 0028  0000000000101000 ( 172) MODE            .FILL x0028
(305B) 0045  0000000001000101 ( 172)                 .FILL x0045
(305C) 0029  0000000000101001 ( 172)                 .FILL x0029
(305D) 006E  0000000001101110 ( 172)                 .FILL x006E
(305E) 0063  0000000001100011 ( 172)                 .FILL x0063
(305F) 006F  0000000001101111 ( 172)                 .FILL x006F
(3060) 0064  0000000001100100 ( 172)                 .FILL x0064
(3061) 0065  0000000001100101 ( 172)                 .FILL x0065
(3062) 002F  0000000000101111 ( 172)                 .FILL x002F
(3063) 0028  0000000000101000 ( 172)                 .FILL x0028
(3064) 0044  0000000001000100 ( 172)                 .FILL x0044
(3065) 0029  0000000000101001 ( 172)                 .FILL x0029
(3066) 0065  0000000001100101 ( 172)                 .FILL x0065
(3067) 0063  0000000001100011 ( 172)                 .FILL x0063
(3068) 006F  0000000001101111 ( 172)                 .FILL x006F
(3069) 0064  0000000001100100 ( 172)                 .FILL x0064
(306A) 0065  0000000001100101 ( 172)                 .FILL x0065
(306B) 003A  0000000000111010 ( 172)                 .FILL x003A
(306C) 000A  0000000000001010 ( 172)                 .FILL x000A
(306D) 0000  0000000000000000 ( 172)                 .FILL x0000
(306E) 000A  0000000000001010 ( 173) INPUTR          .FILL x000A
(306F) 0049  0000000001001001 ( 173)                 .FILL x0049
(3070) 006E  0000000001101110 ( 173)                 .FILL x006E
(3071) 0070  0000000001110000 ( 173)                 .FILL x0070
(3072) 0075  0000000001110101 ( 173)                 .FILL x0075
(3073) 0074  0000000001110100 ( 173)                 .FILL x0074
(3074) 0020  0000000000100000 ( 173)                 .FILL x0020
(3075) 004D  0000000001001101 ( 173)                 .FILL x004D
(3076) 0065  0000000001100101 ( 173)                 .FILL x0065
(3077) 0073  0000000001110011 ( 173)                 .FILL x0073
(3078) 0073  0000000001110011 ( 173)                 .FILL x0073
(3079) 0061  0000000001100001 ( 173)                 .FILL x0061
(307A) 0067  0000000001100111 ( 173)                 .FILL x0067
(307B) 0065  0000000001100101 ( 173)                 .FILL x0065
(307C) 003A  0000000000111010 ( 173)                 .FILL x003A
(307D) 000A  0000000000001010 ( 173)                 .FILL x000A
(307E) 0000  0000000000000000 ( 173)                 .FILL x0000
(307F) 000A  0000000000001010 ( 174) NEWLINE         .FILL x000A
(3080) 0000  0000000000000000 ( 174)                 .FILL x0000
(3081) 000A  0000000000001010 ( 175) ILLEGA1         .FILL x000A
(3082) 0054  0000000001010100 ( 175)                 .FILL x0054
(3083) 0048  0000000001001000 ( 175)                 .FILL x0048
(3084) 0041  0000000001000001 ( 175)                 .FILL x0041
(3085) 0054  0000000001010100 ( 175)                 .FILL x0054
(3086) 0020  0000000000100000 ( 175)                 .FILL x0020
(3087) 0049  0000000001001001 ( 175)                 .FILL x0049
(3088) 0053  0000000001010011 ( 175)                 .FILL x0053
(3089) 0020  0000000000100000 ( 175)                 .FILL x0020
(308A) 0041  0000000001000001 ( 175)                 .FILL x0041
(308B) 004E  0000000001001110 ( 175)                 .FILL x004E
(308C) 0020  0000000000100000 ( 175)                 .FILL x0020
(308D) 0049  0000000001001001 ( 175)                 .FILL x0049
(308E) 004C  0000000001001100 ( 175)                 .FILL x004C
(308F) 004C  0000000001001100 ( 175)                 .FILL x004C
(3090) 0045  0000000001000101 ( 175)                 .FILL x0045
(3091) 0047  0000000001000111 ( 175)                 .FILL x0047
(3092) 0041  0000000001000001 ( 175)                 .FILL x0041
(3093) 004C  0000000001001100 ( 175)                 .FILL x004C
(3094) 0020  0000000000100000 ( 175)                 .FILL x0020
(3095) 0000  0000000000000000 ( 175)                 .FILL x0000
(3096) 4000  0100000000000000 ( 176) STACK           .FILL x4000
(3097) 0044  0000000001000100 ( 177) D               .FILL x0044
(3098) 0045  0000000001000101 ( 178) E               .FILL x0045
(3099) 3200  0011001000000000 ( 179) DATA            .FILL x3200
(309A) 3201  0011001000000001 ( 180) INPUTL          .FILL x3201
(309B) 3221  0011001000100001 ( 181) OUTPUT          .FILL x3221
(309C) FFA5  1111111110100101 ( 182) MINX5A          .FILL xFFA5
(309D) FFB9  1111111110111001 ( 183) MINX47          .FILL xFFB9
(309E) FFC0  1111111111000000 ( 184) MINX40          .FILL xFFC0
(309F) FFC9  1111111111001001 ( 185) MINX37          .FILL xFFC9
(30A0) FFD0  1111111111010000 ( 186) MINX30          .FILL xFFD0
(30A1) FFF0  1111111111110000 ( 187) MINX10          .FILL xFFF0
(30A2) 0010  0000000000010000 ( 188) HEX10           .FILL x0010
(30A3) 0037  0000000000110111 ( 189) HEX37           .FILL x0037
(30A4) 0030  0000000000110000 ( 190) HEX30           .FILL x0030
(30A5) 0048  0000000001001000 ( 191) HEX48           .FILL x0048
(30A6) 002E  0000000000101110 ( 192) ILLEGA2         .FILL x002E
(30A7) 0020  0000000000100000 ( 192)                 .FILL x0020
(30A8) 0050  0000000001010000 ( 192)                 .FILL x0050
(30A9) 004C  0000000001001100 ( 192)                 .FILL x004C
(30AA) 0045  0000000001000101 ( 192)                 .FILL x0045
(30AB) 0041  0000000001000001 ( 192)                 .FILL x0041
(30AC) 0053  0000000001010011 ( 192)                 .FILL x0053
(30AD) 0045  0000000001000101 ( 192)                 .FILL x0045
(30AE) 0020  0000000000100000 ( 192)                 .FILL x0020
(30AF) 0054  0000000001010100 ( 192)                 .FILL x0054
(30B0) 0052  0000000001010010 ( 192)                 .FILL x0052
(30B1) 0059  0000000001011001 ( 192)                 .FILL x0059
(30B2) 0020  0000000000100000 ( 192)                 .FILL x0020
(30B3) 0041  0000000001000001 ( 192)                 .FILL x0041
(30B4) 0047  0000000001000111 ( 192)                 .FILL x0047
(30B5) 0041  0000000001000001 ( 192)                 .FILL x0041
(30B6) 0049  0000000001001001 ( 192)                 .FILL x0049
(30B7) 004E  0000000001001110 ( 192)                 .FILL x004E
(30B8) 002E  0000000000101110 ( 192)                 .FILL x002E
(30B9) 0000  0000000000000000 ( 192)                 .FILL x0000
(30BA) 000A  0000000000001010 ( 193) ILLEGA3         .FILL x000A
(30BB) 004D  0000000001001101 ( 193)                 .FILL x004D
(30BC) 0045  0000000001000101 ( 193)                 .FILL x0045
(30BD) 0053  0000000001010011 ( 193)                 .FILL x0053
(30BE) 0053  0000000001010011 ( 193)                 .FILL x0053
(30BF) 0041  0000000001000001 ( 193)                 .FILL x0041
(30C0) 0047  0000000001000111 ( 193)                 .FILL x0047
(30C1) 0045  0000000001000101 ( 193)                 .FILL x0045
(30C2) 0020  0000000000100000 ( 193)                 .FILL x0020
(30C3) 0045  0000000001000101 ( 193)                 .FILL x0045
(30C4) 0058  0000000001011000 ( 193)                 .FILL x0058
(30C5) 0043  0000000001000011 ( 193)                 .FILL x0043
(30C6) 0045  0000000001000101 ( 193)                 .FILL x0045
(30C7) 0044  0000000001000100 ( 193)                 .FILL x0044
(30C8) 0045  0000000001000101 ( 193)                 .FILL x0045
(30C9) 0053  0000000001010011 ( 193)                 .FILL x0053
(30CA) 0020  0000000000100000 ( 193)                 .FILL x0020
(30CB) 0033  0000000000110011 ( 193)                 .FILL x0033
(30CC) 0030  0000000000110000 ( 193)                 .FILL x0030
(30CD) 0020  0000000000100000 ( 193)                 .FILL x0020
(30CE) 0043  0000000001000011 ( 193)                 .FILL x0043
(30CF) 0048  0000000001001000 ( 193)                 .FILL x0048
(30D0) 0041  0000000001000001 ( 193)                 .FILL x0041
(30D1) 0052  0000000001010010 ( 193)                 .FILL x0052
(30D2) 0041  0000000001000001 ( 193)                 .FILL x0041
(30D3) 0043  0000000001000011 ( 193)                 .FILL x0043
(30D4) 0054  0000000001010100 ( 193)                 .FILL x0054
(30D5) 0045  0000000001000101 ( 193)                 .FILL x0045
(30D6) 0052  0000000001010010 ( 193)                 .FILL x0052
(30D7) 0053  0000000001010011 ( 193)                 .FILL x0053
(30D8) 0000  0000000000000000 ( 193)                 .FILL x0000
(30D9) 0043  0000000001000011 ( 194) CHAR            .FILL x0043
(30DA) 0048  0000000001001000 ( 194)                 .FILL x0048
(30DB) 0041  0000000001000001 ( 194)                 .FILL x0041
(30DC) 0052  0000000001010010 ( 194)                 .FILL x0052
(30DD) 0041  0000000001000001 ( 194)                 .FILL x0041
(30DE) 0043  0000000001000011 ( 194)                 .FILL x0043
(30DF) 0054  0000000001010100 ( 194)                 .FILL x0054
(30E0) 0045  0000000001000101 ( 194)                 .FILL x0045
(30E1) 0052  0000000001010010 ( 194)                 .FILL x0052
(30E2) 0000  0000000000000000 ( 194)                 .FILL x0000
(30E3) 0053  0000000001010011 ( 195) STR1            .FILL x0053
(30E4) 0054  0000000001010100 ( 195)                 .FILL x0054
(30E5) 0052  0000000001010010 ( 195)                 .FILL x0052
(30E6) 0049  0000000001001001 ( 195)                 .FILL x0049
(30E7) 004E  0000000001001110 ( 195)                 .FILL x004E
(30E8) 0047  0000000001000111 ( 195)                 .FILL x0047
(30E9) 0000  0000000000000000 ( 195)                 .FILL x0000
(30EA) 1DB9  0001110110111001 ( 199) DECODE          ADD   R6 R6 #-7
(30EB) 7186  0111000110000110 ( 200)                 STR   R0 R6 #6
(30EC) 7385  0111001110000101 ( 201)                 STR   R1 R6 #5
(30ED) 7584  0111010110000100 ( 202)                 STR   R2 R6 #4
(30EE) 7783  0111011110000011 ( 203)                 STR   R3 R6 #3
(30EF) 7982  0111100110000010 ( 204)                 STR   R4 R6 #2
(30F0) 7B81  0111101110000001 ( 205)                 STR   R5 R6 #1
(30F1) 7F80  0111111110000000 ( 206)                 STR   R7 R6 #0
(30F2) 23A7  0010001110100111 ( 209)                 LD    R1 INPUTL
(30F3) 25A7  0010010110100111 ( 210)                 LD    R2 OUTPUT
(30F4) 5920  0101100100100000 ( 215) DLOOP           AND   R4 R4 #0
(30F5) 6640  0110011001000000 ( 216)                 LDR   R3 R1 #0
(30F6) 21A7  0010000110100111 ( 217)                 LD    R0 MINX40
(30F7) 1AC0  0001101011000000 ( 218)                 ADD   R5 R3 R0
(30F8) 0201  0000001000000001 ( 219)                 BRP   ATOF
(30F9) 0803  0000100000000011 ( 220)                 BRN   ZTONINE
(30FA) 21A4  0010000110100100 ( 224) ATOF            LD    R0 MINX37
(30FB) 16C0  0001011011000000 ( 225)                 ADD   R3 R3 R0
(30FC) 0E04  0000111000000100 ( 226)                 BRNZP CONVERT
(30FD) 21A2  0010000110100010 ( 229) ZTONINE         LD    R0 MINX30
(30FE) 16C0  0001011011000000 ( 230)                 ADD   R3 R3 R0
(30FF) 0405  0000010000000101 ( 231)                 BRZ   ZERO
(3100) 0E00  0000111000000000 ( 232)                 BRNZP CONVERT
(3101) 21A0  0010000110100000 ( 237) CONVERT         LD    R0 HEX10
(3102) 1900  0001100100000000 ( 238)                 ADD   R4 R4 R0
(3103) 16FF  0001011011111111 ( 239)                 ADD   R3 R3 #-1
(3104) 03FC  0000001111111100 ( 240)                 BRP   CONVERT
(3105) 1261  0001001001100001 ( 243) ZERO            ADD   R1 R1 #1
(3106) 6640  0110011001000000 ( 247)                 LDR   R3 R1 #0
(3107) 2196  0010000110010110 ( 248)                 LD    R0 MINX40
(3108) 1AC0  0001101011000000 ( 249)                 ADD   R5 R3 R0
(3109) 0201  0000001000000001 ( 250)                 BRP   ATOF1
(310A) 0803  0000100000000011 ( 251)                 BRN   ZTONIN1
(310B) 2193  0010000110010011 ( 254) ATOF1           LD    R0 MINX37
(310C) 16C0  0001011011000000 ( 255)                 ADD   R3 R3 R0
(310D) 0E04  0000111000000100 ( 256)                 BRNZP CONVER1
(310E) 2191  0010000110010001 ( 259) ZTONIN1         LD    R0 MINX30
(310F) 16C0  0001011011000000 ( 260)                 ADD   R3 R3 R0
(3110) 0404  0000010000000100 ( 261)                 BRZ   ZERO1
(3111) 0E00  0000111000000000 ( 262)                 BRNZP CONVER1
(3112) 1921  0001100100100001 ( 267) CONVER1         ADD   R4 R4 #1
(3113) 16FF  0001011011111111 ( 268)                 ADD   R3 R3 #-1
(3114) 03FD  0000001111111101 ( 269)                 BRP   CONVER1
(3115) E067  1110000001100111 ( 274) ZERO1           LEA   R0 TABLE
(3116) 2F8E  0010111110001110 ( 275)                 LD    R7 HEX48
(3117) 1FC0  0001111111000000 ( 276)                 ADD   R7 R7 R0
(3118) 9FFF  1001111111111111 ( 277)                 NOT   R7 R7
(3119) 1FE1  0001111111100001 ( 278)                 ADD   R7 R7 #1
(311A) 993F  1001100100111111 ( 282)                 NOT   R4 R4
(311B) 1921  0001100100100001 ( 283)                 ADD   R4 R4 #1
(311C) 103F  0001000000111111 ( 291)                 ADD   R0 R0 #-1
(311D) 1BC0  0001101111000000 ( 292) CHECKTA         ADD   R5 R7 R0
(311E) 021F  0000001000011111 ( 293)                 BRP   BADIN
(311F) 1022  0001000000100010 ( 294)                 ADD   R0 R0 #2
(3120) 6600  0110011000000000 ( 295)                 LDR   R3 R0 #0
(3121) 16C4  0001011011000100 ( 296)                 ADD   R3 R3 R4
(3122) 0BFA  0000101111111010 ( 297)                 BRNP  CHECKTA
(3123) 683F  0110100000111111 ( 298)                 LDR   R4 R0 #-1
(3124) 7880  0111100010000000 ( 299)                 STR   R4 R2 #0
(3125) 1261  0001001001100001 ( 302)                 ADD   R1 R1 #1
(3126) 14A1  0001010010100001 ( 303)                 ADD   R2 R2 #1
(3127) 6840  0110100001000000 ( 306)                 LDR   R4 R1 #0
(3128) 1936  0001100100110110 ( 307)                 ADD   R4 R4 #-10
(3129) 0BCA  0000101111001010 ( 308)                 BRNP  DLOOP
(312A) 5920  0101100100100000 ( 311)                 AND   R4 R4 #0
(312B) 7880  0111100010000000 ( 312)                 STR   R4 R2 #0
(312C) 6186  0110000110000110 ( 316)                 LDR   R0 R6 #6
(312D) 6385  0110001110000101 ( 317)                 LDR   R1 R6 #5
(312E) 6584  0110010110000100 ( 318)                 LDR   R2 R6 #4
(312F) 6783  0110011110000011 ( 319)                 LDR   R3 R6 #3
(3130) 6982  0110100110000010 ( 320)                 LDR   R4 R6 #2
(3131) 6B81  0110101110000001 ( 321)                 LDR   R5 R6 #1
(3132) 6F80  0110111110000000 ( 322)                 LDR   R7 R6 #0
(3133) 1DA7  0001110110100111 ( 323)                 ADD   R6 R6 #7
(3134) C1C0  1100000111000000 ( 324)                 RET   
(3135) 0042  0000000001000010 ( 326) BADINE          .FILL x0042
(3136) 0041  0000000001000001 ( 326)                 .FILL x0041
(3137) 0044  0000000001000100 ( 326)                 .FILL x0044
(3138) 0020  0000000000100000 ( 326)                 .FILL x0020
(3139) 0043  0000000001000011 ( 326)                 .FILL x0043
(313A) 004F  0000000001001111 ( 326)                 .FILL x004F
(313B) 0044  0000000001000100 ( 326)                 .FILL x0044
(313C) 0045  0000000001000101 ( 326)                 .FILL x0045
(313D) 0000  0000000000000000 ( 326)                 .FILL x0000
(313E) E1F6  1110000111110110 ( 330) BADIN           LEA   R0 BADINE
(313F) F022  1111000000100010 ( 331)                 TRAP  x22
(3140) F025  1111000000100101 ( 332)                 TRAP  x25
(3141) 1DB9  0001110110111001 ( 336) ENCODE          ADD   R6 R6 #-7
(3142) 7186  0111000110000110 ( 337)                 STR   R0 R6 #6
(3143) 7385  0111001110000101 ( 338)                 STR   R1 R6 #5
(3144) 7584  0111010110000100 ( 339)                 STR   R2 R6 #4
(3145) 7783  0111011110000011 ( 340)                 STR   R3 R6 #3
(3146) 7982  0111100110000010 ( 341)                 STR   R4 R6 #2
(3147) 7B81  0111101110000001 ( 342)                 STR   R5 R6 #1
(3148) 7F80  0111111110000000 ( 343)                 STR   R7 R6 #0
(3149) 2350  0010001101010000 ( 346)                 LD    R1 INPUTL
(314A) 2550  0010010101010000 ( 347)                 LD    R2 OUTPUT
(314B) 6840  0110100001000000 ( 350) ELOOP           LDR   R4 R1 #0
(314C) E030  1110000000110000 ( 355)                 LEA   R0 TABLE
(314D) 993F  1001100100111111 ( 356)                 NOT   R4 R4
(314E) 1921  0001100100100001 ( 357)                 ADD   R4 R4 #1
(314F) 103E  0001000000111110 ( 360)                 ADD   R0 R0 #-2
(3150) 1022  0001000000100010 ( 361) CHECQTA         ADD   R0 R0 #2
(3151) 6600  0110011000000000 ( 362)                 LDR   R3 R0 #0
(3152) 16C4  0001011011000100 ( 363)                 ADD   R3 R3 R4
(3153) 0BFC  0000101111111100 ( 364)                 BRNP  CHECQTA
(3154) 6801  0110100000000001 ( 367)                 LDR   R4 R0 #1
(3155) 274B  0010011101001011 ( 370)                 LD    R3 MINX10
(3156) 5B60  0101101101100000 ( 371)                 AND   R5 R5 #0
(3157) 1B7F  0001101101111111 ( 377)                 ADD   R5 R5 #-1
(3158) 1B61  0001101101100001 ( 378) COUNT10         ADD   R5 R5 #1
(3159) 1903  0001100100000011 ( 379)                 ADD   R4 R4 R3
(315A) 07FD  0000011111111101 ( 380)                 BRZP  COUNT10
(315B) 2746  0010011101000110 ( 381)                 LD    R3 HEX10
(315C) 1903  0001100100000011 ( 382)                 ADD   R4 R4 R3
(315D) 1777  0001011101110111 ( 386)                 ADD   R3 R5 #-9
(315E) 0C02  0000110000000010 ( 387)                 BRNZ  NUM10
(315F) 2743  0010011101000011 ( 390)                 LD    R3 HEX37
(3160) 0E01  0000111000000001 ( 391)                 BRNZP AF10
(3161) 2742  0010011101000010 ( 394) NUM10           LD    R3 HEX30
(3162) 1B43  0001101101000011 ( 398) AF10            ADD   R5 R5 R3
(3163) 7A80  0111101010000000 ( 399)                 STR   R5 R2 #0
(3164) 14A1  0001010010100001 ( 402)                 ADD   R2 R2 #1
(3165) 1B20  0001101100100000 ( 405)                 ADD   R5 R4 #0
(3166) 1777  0001011101110111 ( 409)                 ADD   R3 R5 #-9
(3167) 0C02  0000110000000010 ( 410)                 BRNZ  NUM1
(3168) 273A  0010011100111010 ( 413)                 LD    R3 HEX37
(3169) 0E01  0000111000000001 ( 414)                 BRNZP AF1
(316A) 2739  0010011100111001 ( 417) NUM1            LD    R3 HEX30
(316B) 1B43  0001101101000011 ( 421) AF1             ADD   R5 R5 R3
(316C) 7A80  0111101010000000 ( 422)                 STR   R5 R2 #0
(316D) 14A1  0001010010100001 ( 425)                 ADD   R2 R2 #1
(316E) 1261  0001001001100001 ( 426)                 ADD   R1 R1 #1
(316F) 6840  0110100001000000 ( 430)                 LDR   R4 R1 #0
(3170) 1936  0001100100110110 ( 431)                 ADD   R4 R4 #-10
(3171) 0BD9  0000101111011001 ( 432)                 BRNP  ELOOP
(3172) 5920  0101100100100000 ( 435)                 AND   R4 R4 #0
(3173) 7880  0111100010000000 ( 436)                 STR   R4 R2 #0
(3174) 6186  0110000110000110 ( 440)                 LDR   R0 R6 #6
(3175) 6385  0110001110000101 ( 441)                 LDR   R1 R6 #5
(3176) 6584  0110010110000100 ( 442)                 LDR   R2 R6 #4
(3177) 6783  0110011110000011 ( 443)                 LDR   R3 R6 #3
(3178) 6982  0110100110000010 ( 444)                 LDR   R4 R6 #2
(3179) 6B81  0110101110000001 ( 445)                 LDR   R5 R6 #1
(317A) 6F80  0110111110000000 ( 446)                 LDR   R7 R6 #0
(317B) 1DA7  0001110110100111 ( 447)                 ADD   R6 R6 #7
(317C) C1C0  1100000111000000 ( 448)                 RET   
(317D) 0041  0000000001000001 ( 450) TABLE           .FILL x0041
(317E) 00A0  0000000010100000 ( 451)                 .FILL x00A0
(317F) 0042  0000000001000010 ( 452)                 .FILL x0042
(3180) 0078  0000000001111000 ( 453)                 .FILL x0078
(3181) 0043  0000000001000011 ( 454)                 .FILL x0043
(3182) 0058  0000000001011000 ( 455)                 .FILL x0058
(3183) 0044  0000000001000100 ( 456)                 .FILL x0044
(3184) 0070  0000000001110000 ( 457)                 .FILL x0070
(3185) 0045  0000000001000101 ( 458)                 .FILL x0045
(3186) 00C0  0000000011000000 ( 459)                 .FILL x00C0
(3187) 0046  0000000001000110 ( 460)                 .FILL x0046
(3188) 00D8  0000000011011000 ( 461)                 .FILL x00D8
(3189) 0047  0000000001000111 ( 462)                 .FILL x0047
(318A) 0030  0000000000110000 ( 463)                 .FILL x0030
(318B) 0048  0000000001001000 ( 464)                 .FILL x0048
(318C) 00F8  0000000011111000 ( 465)                 .FILL x00F8
(318D) 0049  0000000001001001 ( 466)                 .FILL x0049
(318E) 00E0  0000000011100000 ( 467)                 .FILL x00E0
(318F) 004A  0000000001001010 ( 468)                 .FILL x004A
(3190) 0088  0000000010001000 ( 469)                 .FILL x0088
(3191) 004B  0000000001001011 ( 470)                 .FILL x004B
(3192) 0050  0000000001010000 ( 471)                 .FILL x0050
(3193) 004C  0000000001001100 ( 472)                 .FILL x004C
(3194) 00B8  0000000010111000 ( 473)                 .FILL x00B8
(3195) 004D  0000000001001101 ( 474)                 .FILL x004D
(3196) 0020  0000000000100000 ( 475)                 .FILL x0020
(3197) 004E  0000000001001110 ( 476)                 .FILL x004E
(3198) 0060  0000000001100000 ( 477)                 .FILL x0060
(3199) 004F  0000000001001111 ( 478)                 .FILL x004F
(319A) 0010  0000000000010000 ( 479)                 .FILL x0010
(319B) 0050  0000000001010000 ( 480)                 .FILL x0050
(319C) 0098  0000000010011000 ( 481)                 .FILL x0098
(319D) 0051  0000000001010001 ( 482)                 .FILL x0051
(319E) 0028  0000000000101000 ( 483)                 .FILL x0028
(319F) 0052  0000000001010010 ( 484)                 .FILL x0052
(31A0) 00B0  0000000010110000 ( 485)                 .FILL x00B0
(31A1) 0053  0000000001010011 ( 486)                 .FILL x0053
(31A2) 00F0  0000000011110000 ( 487)                 .FILL x00F0
(31A3) 0054  0000000001010100 ( 488)                 .FILL x0054
(31A4) 0040  0000000001000000 ( 489)                 .FILL x0040
(31A5) 0055  0000000001010101 ( 490)                 .FILL x0055
(31A6) 00D0  0000000011010000 ( 491)                 .FILL x00D0
(31A7) 0056  0000000001010110 ( 492)                 .FILL x0056
(31A8) 00E8  0000000011101000 ( 493)                 .FILL x00E8
(31A9) 0057  0000000001010111 ( 494)                 .FILL x0057
(31AA) 0090  0000000010010000 ( 495)                 .FILL x0090
(31AB) 0058  0000000001011000 ( 496)                 .FILL x0058
(31AC) 0068  0000000001101000 ( 497)                 .FILL x0068
(31AD) 0059  0000000001011001 ( 498)                 .FILL x0059
(31AE) 0048  0000000001001000 ( 499)                 .FILL x0048
(31AF) 005A  0000000001011010 ( 500)                 .FILL x005A
(31B0) 0038  0000000000111000 ( 501)                 .FILL x0038
(31B1) 0031  0000000000110001 ( 502)                 .FILL x0031
(31B2) 0084  0000000010000100 ( 503)                 .FILL x0084
(31B3) 0032  0000000000110010 ( 504)                 .FILL x0032
(31B4) 00C4  0000000011000100 ( 505)                 .FILL x00C4
(31B5) 0033  0000000000110011 ( 506)                 .FILL x0033
(31B6) 00E4  0000000011100100 ( 507)                 .FILL x00E4
(31B7) 0034  0000000000110100 ( 508)                 .FILL x0034
(31B8) 00F4  0000000011110100 ( 509)                 .FILL x00F4
(31B9) 0035  0000000000110101 ( 510)                 .FILL x0035
(31BA) 00FC  0000000011111100 ( 511)                 .FILL x00FC
(31BB) 0036  0000000000110110 ( 512)                 .FILL x0036
(31BC) 007C  0000000001111100 ( 513)                 .FILL x007C
(31BD) 0037  0000000000110111 ( 514)                 .FILL x0037
(31BE) 003C  0000000000111100 ( 515)                 .FILL x003C
(31BF) 0038  0000000000111000 ( 516)                 .FILL x0038
(31C0) 001C  0000000000011100 ( 517)                 .FILL x001C
(31C1) 0039  0000000000111001 ( 518)                 .FILL x0039
(31C2) 000C  0000000000001100 ( 519)                 .FILL x000C
(31C3) 0030  0000000000110000 ( 520)                 .FILL x0030
(31C4) 0004  0000000000000100 ( 521)                 .FILL x0004
