cid: % ci -m- -u ./mk jrpn.java crpn.c
./RCS/mk,v  <--  ./mk
file is unchanged; reverting to previous revision 1.1
RCS/jrpn.java,v  <--  jrpn.java
file is unchanged; reverting to previous revision 1.1
RCS/crpn.c,v  <--  crpn.c
file is unchanged; reverting to previous revision 1.12
cid: [./mk jrpn.java crpn.c]
cid: % rcs -q -U ./mk jrpn.java crpn.c
cid: % ls -goaFd ./mk jrpn.java crpn.c RCS/./mk,v RCS/jrpn.java,v RCS/crpn.c,v | cut -c1-80
-rwx--x--x. 1  601 Oct 19 16:26 ./mk*
-r-x------. 1  750 Oct 19 16:26 RCS/./mk,v*
-r--------. 1 7448 Oct 19 16:26 RCS/crpn.c,v
-r--------. 1 3213 Oct 19 16:26 RCS/jrpn.java,v
-rw-------. 1 2749 Oct 19 16:26 crpn.c
-rw-------. 1 3062 Oct 19 16:26 jrpn.java
cid: % ident -q ./mk jrpn.java crpn.c
./mk:
     $Id: mk,v 1.1 2013-10-17 15:08:09-07 - - $

jrpn.java:
     $Id: jrpn.java,v 1.1 2013-10-17 15:08:09-07 - - $

crpn.c:
     $Id: crpn.c,v 1.12 2013-10-19 16:15:50-07 - - $
@@@@@@@@@@@@@@@@@@@@@@@@@@@@@@@@ mkc: starting jrpn.java
jrpn.java: $Id: jrpn.java,v 1.1 2013-10-17 15:08:09-07 - - $
javac -Xlint jrpn.java
jar cfm jrpn Manifest jrpn$stack_t.class jrpn.class
chmod +x jrpn
rm -f jrpn$stack_t.class jrpn.class
@@@@@@@@@@@@@@@@@@@@@@@@@@@@@@@@ mkc: finished jrpn.java
./mk: line 9: ../.score/test*.rpn: No such file or directory
cat: ../.score/test*.rpn: No such file or directory
cat: jtest*.output: No such file or directory
rm: cannot remove `jtest*.output': No such file or directory
@@@@@@@@@@@@@@@@@@@@@@@@@@@@@@@@ mkc: starting crpn.c
crpn.c: $Id: crpn.c,v 1.12 2013-10-19 16:15:50-07 - - $
gcc -g -O0 -Wall -Wextra -std=gnu99 crpn.c -o crpn -lm
rm -f crpn.o
@@@@@@@@@@@@@@@@@@@@@@@@@@@@@@@@ mkc: finished crpn.c
./mk: line 15: ../.score/test1.rpn: No such file or directory
cat: ../.score/test1.rpn: No such file or directory
cat: ctest1.output: No such file or directory
rm: cannot remove `ctest1.output': No such file or directory
w 9 2 -s12 Listing.ps jrpn.java jtest*.lis jtest1.lis jtest2.lis jtest3.lis jtest1.lis jtest2.lis jtest3.lis crpn.c ctest1.lis
[ 13 pages * 1 copy ] left in ./Listing.ps
gv: Unable to open the display.
