[2016-01-10 12:37:45] START
[2016-01-10 12:40:17] EDIT ticker/views/default/index.html: -43
[2016-01-10 12:50:08] EDIT ticker/controllers/default.py: 25
[2016-01-10 12:51:49] EDIT ticker/views/default/index.html: 0
[2016-01-10 12:52:43] EDIT ticker/views/default/index.html: 1
[2016-01-10 12:54:33] EDIT ticker/controllers/default.py: 0
[2016-01-10 12:55:03] EDIT ticker/controllers/default.py: 0
[2016-01-10 12:55:26] EDIT ticker/controllers/default.py: 0
[2016-01-10 12:55:37] EDIT ticker/controllers/default.py: 0
[2016-01-10 12:58:04] EDIT ticker/controllers/default.py: 0
[2016-01-10 12:58:20] EDIT ticker/controllers/default.py: 0
[2016-01-10 12:59:08] EDIT ticker/views/default/index.html: -1
[2016-01-10 12:59:39] EDIT ticker/views/default/index.html: 12
[2016-01-10 13:01:55] EDIT ticker/views/default/index.html: -12
[2016-01-10 13:04:41] EDIT ticker/controllers/default.py: 0
[2016-01-10 13:04:57] EDIT ticker/controllers/default.py: 0
[2016-01-10 13:05:18] EDIT ticker/views/default/index.html: 0
[2016-01-10 13:06:18] EDIT ticker/views/default/index.html: 0
[2016-01-10 13:06:40] EDIT ticker/views/default/index.html: 0
[2016-01-10 13:06:54] EDIT ticker/views/default/index.html: 0
[2016-01-10 13:07:25] EDIT ticker/controllers/default.py: 0
[2016-01-10 13:11:48] EDIT ticker/controllers/default.py: 0
[2016-01-10 13:12:22] EDIT ticker/views/default/index.html: 0
[2016-01-10 13:14:05] EDIT ticker/controllers/default.py: 0
[2016-01-10 13:15:18] EDIT ticker/views/default/index.html: 0
[2016-01-10 13:24:32] EDIT ticker/views/default/index.html: 0
[2016-01-10 13:25:57] EDIT ticker/controllers/default.py: 4
[2016-01-10 13:27:08] EDIT ticker/views/default/index.html: 1
[2016-01-10 13:30:08] EDIT ticker/views/default/index.html: 4
[2016-01-10 13:42:59] EDIT ticker/controllers/default.py: 0
[2016-01-10 13:43:10] EDIT ticker/controllers/default.py: 0
[2016-01-18 10:22:13] EDIT ticker/controllers/default.py: 0
[2016-01-18 10:22:33] EDIT ticker/controllers/default.py: 0
[2016-01-18 10:23:12] EDIT ticker/controllers/default.py: 0
[2016-01-18 10:30:55] EDIT ticker/controllers/default.py: 2
[2016-01-18 10:42:44] EDIT ticker/controllers/default.py: 1
[2016-01-18 10:44:14] EDIT ticker/controllers/default.py: 0
[2016-01-18 10:49:04] EDIT ticker/views/default/index.html: 0
[2016-01-18 10:49:26] EDIT ticker/views/default/index.html: 0
[2016-01-18 10:49:45] EDIT ticker/controllers/default.py: 2
[2016-01-18 10:49:56] EDIT ticker/controllers/default.py: 0
[2016-01-18 10:50:36] EDIT ticker/controllers/default.py: 0
[2016-01-18 11:48:16] EDIT ticker/views/default/index.html: 0
[2016-01-18 11:53:49] EDIT ticker/controllers/default.py: 1
[2016-01-18 11:54:34] EDIT ticker/controllers/default.py: -2
[2016-01-18 11:55:31] EDIT ticker/controllers/default.py: 0
[2016-01-18 11:55:44] EDIT ticker/controllers/default.py: 0
[2016-01-18 12:01:50] EDIT ticker/controllers/default.py: 2
[2016-01-18 12:01:51] EDIT ticker/views/default/index.html: 0
[2016-01-18 12:06:42] EDIT ticker/controllers/default.py: 1
[2016-01-18 12:06:47] EDIT ticker/controllers/default.py: 0
[2016-01-18 12:28:29] EDIT ticker/controllers/default.py: -1
[2016-01-18 12:29:27] EDIT ticker/controllers/default.py: 0
