[2016-01-24 22:18:38] START
[2016-01-24 22:36:40] EDIT SlugStock/models/db.py: 0
[2016-01-24 22:37:33] EDIT SlugStock/models/db.py: -10
[2016-01-24 22:45:01] EDIT SlugStock/models/db.py: 12
[2016-01-24 22:45:35] EDIT SlugStock/models/db.py: 1
[2016-01-24 22:47:38] EDIT SlugStock/models/db.py: 1
[2016-01-24 22:49:29] EDIT SlugStock/models/db.py: 3
[2016-01-24 22:50:35] EDIT SlugStock/models/db.py: -3
[2016-01-24 22:53:22] EDIT SlugStock/models/db.py: 1
[2016-01-24 23:07:59] EDIT SlugStock/models/db.py: 8
[2016-01-24 23:09:33] EDIT SlugStock/models/db.py: 0
[2016-01-24 23:15:38] EDIT SlugStock/models/db.py: 14
[2016-01-24 23:16:16] EDIT SlugStock/models/db.py: 0
[2016-01-24 23:25:29] EDIT SlugStock/models/db.py: 3
[2016-01-24 23:25:46] EDIT SlugStock/models/db.py: 0
[2016-01-24 23:29:18] EDIT SlugStock/models/db.py: 0
[2016-01-24 23:35:47] EDIT SlugStock/models/db.py: 3
[2016-01-24 23:36:00] EDIT SlugStock/models/db.py: 0
[2016-01-24 23:36:02] EDIT SlugStock/models/db.py: 0
[2016-01-25 00:06:25] EDIT SlugStock/models/db.py: 0
[2016-01-25 00:10:31] EDIT SlugStock/models/db.py: 0
[2016-01-30 16:07:27] EDIT SlugStock/controllers/default.py: 0
[2016-01-30 16:08:45] EDIT SlugStock/controllers/default.py: 0
[2016-01-30 16:09:19] EDIT SlugStock/views/default/profile.html: 0
[2016-01-30 16:10:05] EDIT SlugStock/models/db.py: 0
[2016-01-30 16:11:01] EDIT SlugStock/views/default/profile.html: 0
[2016-01-30 16:11:06] EDIT SlugStock/views/default/profile.html: 0
[2016-01-30 16:11:30] EDIT SlugStock/controllers/default.py: 0
[2016-01-30 16:11:44] EDIT SlugStock/controllers/default.py: 0
[2016-01-30 16:12:21] EDIT SlugStock/controllers/default.py: 0
[2016-01-30 16:13:30] EDIT SlugStock/controllers/default.py: 0
[2016-01-30 16:14:04] EDIT SlugStock/views/default/profile.html: 0
[2016-01-30 16:14:30] EDIT SlugStock/views/default/profile.html: 0
[2016-01-30 16:14:43] EDIT SlugStock/views/default/profile.html: 0
[2016-01-30 16:18:12] EDIT SlugStock/controllers/default.py: 1
[2016-01-30 16:19:53] EDIT SlugStock/controllers/default.py: 0
[2016-01-30 16:20:14] EDIT SlugStock/controllers/default.py: 0
[2016-01-30 16:20:45] EDIT SlugStock/controllers/default.py: 0
[2016-01-30 16:24:16] EDIT SlugStock/controllers/default.py: 0
[2016-01-30 16:40:42] EDIT SlugStock/views/default/profile.html: 0
[2016-01-30 16:40:56] EDIT SlugStock/views/default/profile.html: 0
[2016-01-30 16:48:26] EDIT SlugStock/controllers/default.py: 4
[2016-01-30 16:50:55] EDIT SlugStock/controllers/default.py: 0
[2016-01-30 16:50:56] EDIT SlugStock/views/default/profile.html: 0
[2016-01-30 16:51:59] EDIT SlugStock/controllers/default.py: 0
[2016-01-30 16:52:36] EDIT SlugStock/views/default/profile.html: 0
[2016-01-30 16:52:47] EDIT SlugStock/views/default/profile.html: 0
[2016-01-30 16:53:01] EDIT SlugStock/controllers/default.py: 0
[2016-01-30 16:53:03] EDIT SlugStock/controllers/default.py: 0
[2016-01-30 16:53:18] EDIT SlugStock/controllers/default.py: 0
[2016-01-30 16:53:19] EDIT SlugStock/controllers/default.py: 0
[2016-01-30 16:53:27] EDIT SlugStock/views/default/profile.html: 0
[2016-01-30 16:53:28] EDIT SlugStock/views/default/profile.html: 0
<<<<<<< HEAD
[2016-02-08 11:30:06] EDIT SlugStock/controllers/default.py: 3
[2016-02-08 11:31:09] EDIT SlugStock/controllers/default.py: 0
[2016-02-08 11:39:46] EDIT SlugStock/controllers/default.py: 2
[2016-02-08 11:40:39] EDIT SlugStock/controllers/default.py: 1
[2016-02-08 11:41:06] EDIT SlugStock/controllers/default.py: 0
[2016-02-08 11:41:38] EDIT SlugStock/controllers/default.py: 0
[2016-02-08 11:42:13] EDIT SlugStock/controllers/default.py: 0
[2016-02-08 11:42:25] EDIT SlugStock/controllers/default.py: 0
[2016-02-08 11:43:15] EDIT SlugStock/views/default/profile.html: 0
[2016-02-08 11:47:09] EDIT SlugStock/controllers/default.py: 1
[2016-02-08 11:50:22] EDIT SlugStock/controllers/default.py: 0
[2016-02-08 11:50:43] EDIT SlugStock/controllers/default.py: 0
[2016-02-08 11:51:10] EDIT SlugStock/views/default/profile.html: 0
[2016-02-08 11:51:44] EDIT SlugStock/controllers/default.py: -2
[2016-02-08 11:53:53] EDIT SlugStock/controllers/default.py: 0
[2016-02-08 11:54:05] EDIT SlugStock/views/default/profile.html: 0
[2016-02-08 11:54:26] EDIT SlugStock/controllers/default.py: 0
[2016-02-08 11:56:45] EDIT SlugStock/controllers/default.py: -9
[2016-02-08 11:57:41] EDIT SlugStock/controllers/default.py: 0
=======
[2016-02-07 22:38:10] EDIT SlugStock/controllers/default.py: 3
[2016-02-07 22:39:25] EDIT SlugStock/controllers/default.py: -2
[2016-02-07 22:41:21] EDIT SlugStock/controllers/default.py: 5
[2016-02-07 22:43:03] EDIT SlugStock/controllers/default.py: -1
[2016-02-07 22:45:03] EDIT SlugStock/controllers/default.py: 0
[2016-02-07 22:45:10] EDIT SlugStock/controllers/default.py: -1
[2016-02-07 22:45:21] EDIT SlugStock/controllers/default.py: 0
[2016-02-07 22:54:08] EDIT SlugStock/controllers/default.py: 1
[2016-02-07 22:54:33] EDIT SlugStock/controllers/default.py: 1
[2016-02-07 22:56:31] EDIT SlugStock/controllers/default.py: 0
[2016-02-07 22:58:11] EDIT SlugStock/controllers/default.py: 0
[2016-02-07 22:58:32] EDIT SlugStock/controllers/default.py: -1
[2016-02-07 23:01:08] EDIT SlugStock/controllers/default.py: 2
[2016-02-07 23:01:50] EDIT SlugStock/controllers/default.py: 0
[2016-02-07 23:06:18] EDIT SlugStock/controllers/default.py: 0
[2016-02-07 23:07:02] EDIT SlugStock/controllers/default.py: 0
[2016-02-07 23:07:11] EDIT SlugStock/controllers/default.py: 0
[2016-02-07 23:18:15] EDIT SlugStock/controllers/default.py: 1
[2016-02-07 23:20:44] EDIT SlugStock/models/db.py: 3
[2016-02-07 23:24:52] EDIT SlugStock/models/db.py: 0
[2016-02-07 23:31:34] EDIT SlugStock/controllers/default.py: 0
[2016-02-07 23:34:50] EDIT SlugStock/models/db.py: 0
[2016-02-07 23:35:21] EDIT SlugStock/models/db.py: 0
[2016-02-07 23:36:19] EDIT SlugStock/controllers/default.py: -8
[2016-02-07 23:36:26] EDIT SlugStock/models/db.py: 8
[2016-02-07 23:37:22] EDIT SlugStock/models/db.py: 0
[2016-02-07 23:38:42] EDIT SlugStock/models/db.py: 1
[2016-02-07 23:39:24] EDIT SlugStock/models/db.py: 0
[2016-02-07 23:39:52] EDIT SlugStock/models/db.py: -1
[2016-02-07 23:39:56] EDIT SlugStock/models/db.py: 0
[2016-02-07 23:42:33] EDIT SlugStock/models/db.py: 0
[2016-02-07 23:44:32] EDIT SlugStock/models/db.py: 1
[2016-02-07 23:46:52] EDIT SlugStock/models/db.py: -1
[2016-02-08 00:13:06] EDIT SlugStock/models/db.py: 0
[2016-02-08 00:21:59] EDIT SlugStock/models/db.py: -1
[2016-02-08 00:24:15] EDIT SlugStock/models/db.py: 0
[2016-02-08 00:29:23] EDIT SlugStock/models/db.py: 0
[2016-02-08 00:29:24] EDIT SlugStock/models/db.py: 0
[2016-02-08 00:31:55] EDIT SlugStock/models/db.py: 0
[2016-02-08 00:37:09] EDIT SlugStock/models/db.py: 0
>>>>>>> 05279d334ada234d2a3456e691bef9c89df315f8
[2016-02-08 20:41:48] EDIT SlugStock/controllers/default.py: 3
[2016-02-08 20:41:49] EDIT SlugStock/controllers/default.py: 0
[2016-02-08 20:42:42] EDIT SlugStock/controllers/default.py: -1
[2016-02-08 20:42:51] EDIT SlugStock/controllers/default.py: 0
[2016-02-08 20:42:54] EDIT SlugStock/controllers/default.py: 0
[2016-02-08 20:42:56] EDIT SlugStock/controllers/default.py: 0
[2016-02-08 20:43:20] EDIT SlugStock/controllers/default.py: 1
[2016-02-08 20:48:30] EDIT SlugStock/controllers/default.py: 0
[2016-02-08 20:58:26] EDIT SlugStock/controllers/default.py: 3
[2016-02-08 21:02:42] EDIT SlugStock/controllers/default.py: -2
[2016-02-08 21:03:13] EDIT SlugStock/controllers/default.py: 1
[2016-02-08 21:03:21] EDIT SlugStock/controllers/default.py: 0
[2016-02-08 21:03:22] EDIT SlugStock/controllers/default.py: 0
[2016-02-08 21:03:28] EDIT SlugStock/controllers/default.py: 0
[2016-02-08 21:04:01] EDIT SlugStock/controllers/default.py: 0
[2016-02-08 21:04:19] EDIT SlugStock/controllers/default.py: 0
[2016-02-08 21:06:24] CREATE scheduler.py: 0
[2016-02-08 21:07:26] EDIT SlugStock/models/db.py: 15
[2016-02-08 21:08:56] EDIT SlugStock/models/db.py: 0
[2016-02-08 21:09:05] EDIT SlugStock/models/db.py: 0
[2016-02-08 21:12:30] EDIT SlugStock/models/db.py: -1
[2016-02-08 21:12:53] EDIT SlugStock/models/db.py: 0
[2016-02-08 21:13:23] EDIT SlugStock/models/db.py: 0
[2016-02-08 21:14:59] EDIT SlugStock/models/db.py: 0
[2016-02-08 21:15:27] EDIT SlugStock/models/db.py: 0
[2016-02-08 21:17:20] EDIT SlugStock/models/db.py: 0
[2016-02-08 21:47:06] EDIT SlugStock/models/db.py: 1
[2016-02-08 21:47:14] EDIT SlugStock/models/db.py: -1
[2016-02-08 22:02:38] EDIT SlugStock/models/db.py: -2
[2016-02-08 22:10:17] EDIT SlugStock/models/db.py: 0
[2016-02-08 22:11:43] EDIT SlugStock/models/db.py: 0
[2016-02-08 22:15:11] EDIT SlugStock/controllers/default.py: 12
[2016-02-08 22:15:48] EDIT SlugStock/controllers/default.py: -12
[2016-02-08 22:18:28] EDIT SlugStock/models/db.py: 0
[2016-02-08 22:26:42] EDIT SlugStock/models/db.py: 1
[2016-02-08 22:32:47] EDIT SlugStock/models/db.py: 0
[2016-02-08 22:43:31] EDIT SlugStock/controllers/default.py: 13
[2016-02-08 22:47:34] EDIT SlugStock/controllers/default.py: 0
[2016-02-08 22:48:04] EDIT SlugStock/controllers/default.py: 0
[2016-02-08 22:48:29] EDIT SlugStock/controllers/default.py: 0
[2016-02-08 22:50:05] EDIT SlugStock/controllers/default.py: 0
[2016-02-08 22:50:12] EDIT SlugStock/controllers/default.py: 0
[2016-02-08 22:50:34] EDIT SlugStock/controllers/default.py: -11
[2016-02-08 22:50:56] EDIT SlugStock/models/db.py: 0
[2016-02-08 22:51:45] EDIT SlugStock/models/db.py: 0
[2016-02-08 22:54:41] EDIT SlugStock/models/db.py: -15
[2016-02-08 22:55:06] EDIT SlugStock/controllers/default.py: 12
[2016-02-08 22:55:13] EDIT SlugStock/models/db.py: 0
[2016-02-08 22:55:59] EDIT SlugStock/models/db.py: 15
[2016-02-08 22:56:10] EDIT SlugStock/controllers/default.py: -12
[2016-02-08 22:59:09] EDIT SlugStock/controllers/default.py: 0
[2016-02-08 23:02:44] CREATE scheduler.py: 0
[2016-02-08 23:03:38] EDIT SlugStock/models/scheduler.py: 23
[2016-02-08 23:03:55] EDIT SlugStock/models/scheduler.py: 0
[2016-02-08 23:07:35] DELETE SlugStock/models/scheduler.py: -23
[2016-02-08 23:21:56] EDIT SlugStock/models/db.py: 1
[2016-02-08 23:27:31] EDIT SlugStock/models/db.py: -1
[2016-02-08 23:29:22] EDIT SlugStock/controllers/default.py: 11
[2016-02-08 23:31:27] EDIT SlugStock/controllers/default.py: 0
[2016-02-10 20:33:51] CREATE scheduler.py: 0
[2016-02-10 20:34:16] EDIT SlugStock/models/scheduler.py: 23
[2016-02-10 20:36:42] EDIT SlugStock/models/scheduler.py: 0
[2016-02-10 20:39:02] EDIT SlugStock/models/scheduler.py: 0
[2016-02-10 20:43:10] EDIT SlugStock/models/db.py: -23
[2016-02-10 20:43:33] EDIT SlugStock/models/db.py: 0
[2016-02-10 20:48:44] EDIT SlugStock/models/scheduler.py: 0
[2016-02-10 20:49:11] EDIT SlugStock/models/scheduler.py: 0
[2016-02-10 20:52:50] EDIT SlugStock/controllers/default.py: 0
[2016-02-10 20:52:58] EDIT SlugStock/models/scheduler.py: 48
[2016-02-10 20:54:27] EDIT SlugStock/models/scheduler.py: -48
[2016-02-10 21:04:58] EDIT SlugStock/models/scheduler.py: 5
[2016-02-10 21:06:34] EDIT SlugStock/models/scheduler.py: 0
[2016-02-10 21:09:51] EDIT SlugStock/models/scheduler.py: 5
[2016-02-10 21:10:12] EDIT SlugStock/models/scheduler.py: 0
[2016-02-10 21:11:45] EDIT SlugStock/models/scheduler.py: -10
[2016-02-10 21:12:40] EDIT SlugStock/models/scheduler.py: 5
[2016-02-10 21:13:06] EDIT SlugStock/models/scheduler.py: 0
[2016-02-10 21:13:07] EDIT SlugStock/models/scheduler.py: 0
[2016-02-10 21:13:09] EDIT SlugStock/models/scheduler.py: 0
[2016-02-10 21:15:54] EDIT SlugStock/models/scheduler.py: 0
[2016-02-10 21:17:27] EDIT SlugStock/models/scheduler.py: 0
[2016-02-10 21:18:44] EDIT SlugStock/models/scheduler.py: -5
[2016-02-10 21:18:45] EDIT SlugStock/models/scheduler.py: 0
[2016-02-10 21:22:15] EDIT SlugStock/models/scheduler.py: 0
[2016-02-10 21:27:56] EDIT SlugStock/models/scheduler.py: 5
[2016-02-10 21:32:03] EDIT SlugStock/models/scheduler.py: -5
[2016-02-10 21:37:09] EDIT SlugStock/models/scheduler.py: 0
[2016-02-10 21:37:17] EDIT SlugStock/models/scheduler.py: 0
[2016-02-10 21:39:11] EDIT SlugStock/models/scheduler.py: 0
[2016-02-10 21:46:33] EDIT SlugStock/models/scheduler.py: 1
[2016-02-10 21:53:52] EDIT SlugStock/models/scheduler.py: -1
[2016-02-10 21:55:28] EDIT SlugStock/models/scheduler.py: 0
[2016-02-10 21:55:57] EDIT SlugStock/models/scheduler.py: 0
[2016-02-10 21:57:20] EDIT SlugStock/models/scheduler.py: 0
[2016-02-12 11:26:07] EDIT SlugStock/models/scheduler.py: 5
[2016-02-12 11:28:23] EDIT SlugStock/models/scheduler.py: 0
[2016-02-12 11:30:09] EDIT SlugStock/models/scheduler.py: 0
[2016-02-12 11:32:44] EDIT SlugStock/models/scheduler.py: 0
[2016-02-12 11:34:48] EDIT SlugStock/models/scheduler.py: -5
[2016-02-12 11:37:44] EDIT SlugStock/models/scheduler.py: 1
[2016-02-12 11:40:13] EDIT SlugStock/models/scheduler.py: 0
[2016-02-12 11:43:24] EDIT SlugStock/models/scheduler.py: 1
[2016-02-12 11:48:36] EDIT SlugStock/models/scheduler.py: -1
[2016-02-12 11:48:43] EDIT SlugStock/models/scheduler.py: 0
[2016-02-12 11:48:46] EDIT SlugStock/models/scheduler.py: 0
[2016-02-12 11:51:22] EDIT SlugStock/models/scheduler.py: -1
[2016-02-12 11:53:18] EDIT SlugStock/models/scheduler.py: 1
[2016-02-12 11:56:50] EDIT SlugStock/models/scheduler.py: 0
[2016-02-12 11:57:26] EDIT SlugStock/models/scheduler.py: 0
[2016-02-12 11:57:44] EDIT SlugStock/models/scheduler.py: 0
[2016-02-12 12:00:21] EDIT SlugStock/models/scheduler.py: 0
[2016-02-12 12:00:33] EDIT SlugStock/models/scheduler.py: 0
[2016-02-12 12:01:26] EDIT SlugStock/models/scheduler.py: 0
[2016-02-12 12:02:50] EDIT SlugStock/models/scheduler.py: 0
[2016-02-12 12:06:00] EDIT SlugStock/models/scheduler.py: -1
[2016-02-12 12:06:43] EDIT SlugStock/models/scheduler.py: 1
[2016-02-12 12:08:16] EDIT SlugStock/models/scheduler.py: 0
[2016-02-12 12:09:29] EDIT SlugStock/models/scheduler.py: 0
[2016-02-12 12:10:36] EDIT SlugStock/models/scheduler.py: 0
[2016-02-12 12:11:44] EDIT SlugStock/models/scheduler.py: 1
[2016-02-12 12:21:18] EDIT SlugStock/models/db.py: 0
[2016-02-12 12:21:48] EDIT SlugStock/models/scheduler.py: -2
[2016-02-12 12:22:21] EDIT SlugStock/controllers/default.py: 11
[2016-02-12 12:23:03] EDIT SlugStock/models/scheduler.py: 0
[2016-02-12 12:26:49] EDIT SlugStock/controllers/default.py: -24
[2016-02-12 12:29:21] EDIT SlugStock/models/db.py: 0
[2016-02-12 12:32:43] EDIT SlugStock/controllers/default.py: 11
[2016-02-12 12:34:34] EDIT SlugStock/controllers/default.py: -11
[2016-02-12 12:37:00] EDIT SlugStock/models/scheduler.py: 1
[2016-02-12 12:40:18] EDIT SlugStock/models/scheduler.py: 1
[2016-02-12 12:41:26] EDIT SlugStock/models/scheduler.py: 0
[2016-02-12 12:43:13] EDIT SlugStock/models/scheduler.py: 0
[2016-02-12 12:44:21] EDIT SlugStock/controllers/default.py: 13
[2016-02-12 12:44:47] EDIT SlugStock/controllers/default.py: 0
[2016-02-12 12:45:33] EDIT SlugStock/controllers/default.py: -2
[2016-02-12 12:45:56] EDIT SlugStock/controllers/default.py: -11
[2016-02-12 12:46:08] EDIT SlugStock/models/scheduler.py: -2
[2016-02-12 12:50:26] EDIT SlugStock/controllers/default.py: 12
[2016-02-12 12:50:59] EDIT SlugStock/controllers/default.py: 1
[2016-02-12 12:51:04] EDIT SlugStock/models/scheduler.py: 2
[2016-02-12 12:51:35] EDIT SlugStock/models/scheduler.py: 0
[2016-02-12 12:55:46] EDIT SlugStock/controllers/default.py: 0
[2016-02-12 12:55:47] EDIT SlugStock/models/scheduler.py: 0
[2016-02-12 12:56:01] EDIT SlugStock/controllers/default.py: -1
[2016-02-12 12:56:24] EDIT SlugStock/controllers/default.py: 0
[2016-02-12 12:59:11] CREATE updateRecent.py: 0
[2016-02-12 13:00:09] EDIT SlugStock/models/updateRecent.py: 11
[2016-02-12 13:01:21] CREATE updateRecent.py: 0
[2016-02-12 13:01:37] EDIT SlugStock/modules/updateRecent.py: 11
[2016-02-12 13:02:11] EDIT SlugStock/controllers/default.py: -12
[2016-02-12 13:02:56] EDIT SlugStock/models/scheduler.py: -1
[2016-02-12 13:03:31] EDIT SlugStock/models/updateRecent.py: -11
[2016-02-12 13:03:51] EDIT SlugStock/modules/updateRecent.py: -12
[2016-02-12 13:05:12] EDIT SlugStock/models/scheduler.py: -1
[2016-02-12 13:05:18] EDIT SlugStock/models/scheduler.py: 0
[2016-02-12 13:07:22] EDIT SlugStock/controllers/default.py: 12
[2016-02-12 13:07:43] EDIT SlugStock/controllers/default.py: 0
[2016-02-12 13:10:18] EDIT SlugStock/models/scheduler.py: 2
[2016-02-14 08:59:08] DELETE SlugStock/models/updateRecent.py: 0
[2016-02-14 08:59:32] EDIT SlugStock/models/scheduler.py: -2
[2016-02-14 08:59:45] EDIT SlugStock/controllers/default.py: 20
[2016-02-14 08:59:55] EDIT SlugStock/models/db.py: 0
[2016-02-14 09:00:26] EDIT SlugStock/controllers/default.py: -20
[2016-02-14 09:00:40] EDIT SlugStock/models/scheduler.py: 2
[2016-02-14 09:03:18] EDIT SlugStock/models/scheduler.py: 0
[2016-02-14 09:03:32] EDIT SlugStock/models/scheduler.py: 0
[2016-02-14 09:04:24] EDIT SlugStock/models/scheduler.py: 1
[2016-02-14 09:07:10] EDIT SlugStock/models/scheduler.py: 1
[2016-02-14 09:07:58] EDIT SlugStock/models/scheduler.py: 0
[2016-02-14 09:09:09] EDIT SlugStock/models/scheduler.py: 0
[2016-02-14 09:09:52] EDIT SlugStock/models/scheduler.py: 0
[2016-02-14 09:10:03] EDIT SlugStock/models/scheduler.py: 0
[2016-02-14 09:13:38] EDIT SlugStock/models/scheduler.py: 0
[2016-02-14 09:19:20] EDIT SlugStock/models/scheduler.py: 1
[2016-02-14 09:25:08] EDIT SlugStock/models/scheduler.py: -1
[2016-02-14 09:27:08] EDIT SlugStock/models/scheduler.py: -2
[2016-02-14 09:27:43] EDIT SlugStock/controllers/default.py: -12
[2016-02-14 09:27:47] EDIT SlugStock/controllers/default.py: 0
[2016-02-14 09:27:55] EDIT SlugStock/models/scheduler.py: 0
[2016-02-14 09:29:27] EDIT SlugStock/models/scheduler.py: 0
[2016-02-14 09:29:47] EDIT SlugStock/models/scheduler.py: 0
[2016-02-14 22:16:21] EDIT SlugStock/controllers/default.py: 0
[2016-02-14 22:18:38] EDIT SlugStock/controllers/default.py: 0
[2016-02-14 22:28:31] EDIT SlugStock/controllers/default.py: 3
[2016-02-14 22:29:19] EDIT SlugStock/views/default/profile.html: 3
[2016-02-14 22:34:49] EDIT SlugStock/models/db.py: 0
[2016-02-14 22:41:42] EDIT SlugStock/views/default/profile.html: 0
[2016-02-14 22:43:38] EDIT SlugStock/models/db.py: -1
[2016-02-14 23:09:34] EDIT SlugStock/controllers/default.py: 3
[2016-02-14 23:15:12] EDIT SlugStock/views/default/profile.html: 3
[2016-02-14 23:15:43] EDIT SlugStock/views/default/profile.html: 0
[2016-02-14 23:18:18] EDIT SlugStock/controllers/default.py: 0
[2016-02-14 23:19:45] EDIT SlugStock/views/default/profile.html: 0
[2016-02-14 23:21:46] EDIT SlugStock/views/default/profile.html: 0
[2016-02-14 23:22:43] EDIT SlugStock/controllers/default.py: 7
[2016-02-14 23:23:30] EDIT SlugStock/views/default/profile.html: 0
[2016-02-14 23:23:37] EDIT SlugStock/views/default/profile.html: 0
[2016-02-14 23:24:31] EDIT SlugStock/views/default/profile.html: 0
[2016-02-14 23:25:01] EDIT SlugStock/views/default/profile.html: 0
[2016-02-14 23:30:03] EDIT SlugStock/controllers/default.py: 8
[2016-02-14 23:32:20] EDIT SlugStock/controllers/default.py: 0
[2016-02-14 23:32:25] EDIT SlugStock/views/default/profile.html: 0
[2016-02-14 23:38:08] EDIT SlugStock/models/scheduler.py: 6
[2016-02-14 23:52:54] EDIT SlugStock/models/scheduler.py: 6
[2016-02-14 23:54:10] EDIT SlugStock/models/scheduler.py: 0
[2016-02-14 23:54:12] EDIT SlugStock/models/scheduler.py: 0
[2016-02-14 23:54:37] EDIT SlugStock/models/scheduler.py: 0
[2016-02-14 23:54:39] EDIT SlugStock/models/scheduler.py: 0
[2016-02-14 23:58:25] EDIT SlugStock/models/scheduler.py: 1
[2016-02-14 23:59:37] EDIT SlugStock/models/scheduler.py: 0
[2016-02-14 23:59:46] EDIT SlugStock/models/scheduler.py: 0
[2016-02-15 00:03:43] EDIT SlugStock/models/scheduler.py: 0
[2016-02-15 00:03:46] EDIT SlugStock/models/db.py: 0
[2016-02-15 00:03:48] EDIT SlugStock/views/default/profile.html: 0
[2016-02-15 00:03:50] EDIT SlugStock/controllers/default.py: 0
[2016-02-15 00:05:01] EDIT SlugStock/models/scheduler.py: 0
[2016-02-15 00:05:40] EDIT SlugStock/models/scheduler.py: 2
[2016-02-15 00:07:52] EDIT SlugStock/models/scheduler.py: 0
[2016-02-15 00:08:52] EDIT SlugStock/models/scheduler.py: 0
[2016-02-15 00:10:01] EDIT SlugStock/models/scheduler.py: 0
[2016-02-15 00:12:54] EDIT SlugStock/models/scheduler.py: 0
[2016-02-15 00:15:16] EDIT SlugStock/models/scheduler.py: 1
[2016-02-15 00:16:57] EDIT SlugStock/models/scheduler.py: 0
[2016-02-15 00:19:28] EDIT SlugStock/models/scheduler.py: 0
[2016-02-15 00:22:16] EDIT SlugStock/models/scheduler.py: 1
[2016-02-15 00:24:08] EDIT SlugStock/models/scheduler.py: 0
[2016-02-15 00:25:35] EDIT SlugStock/models/scheduler.py: 0
[2016-02-15 00:27:07] EDIT SlugStock/models/scheduler.py: 0
[2016-02-15 00:28:08] EDIT SlugStock/models/scheduler.py: 0
[2016-02-15 00:29:55] EDIT SlugStock/models/scheduler.py: 0
[2016-02-15 00:31:18] EDIT SlugStock/models/scheduler.py: 0
[2016-02-15 00:31:36] EDIT SlugStock/models/scheduler.py: 0
[2016-02-15 00:32:32] EDIT SlugStock/models/scheduler.py: 0
[2016-02-15 00:33:57] EDIT SlugStock/models/scheduler.py: 0
[2016-02-15 00:35:47] EDIT SlugStock/models/scheduler.py: 0
[2016-02-15 00:36:34] EDIT SlugStock/models/scheduler.py: 0
[2016-02-15 00:38:13] EDIT SlugStock/models/scheduler.py: 0
[2016-02-15 00:40:12] EDIT SlugStock/models/scheduler.py: 0
[2016-02-15 00:41:00] EDIT SlugStock/models/scheduler.py: 0
[2016-02-15 00:43:57] EDIT SlugStock/models/scheduler.py: 0
[2016-02-15 00:46:33] EDIT SlugStock/models/scheduler.py: 0
[2016-02-15 00:47:30] EDIT SlugStock/models/scheduler.py: 0
[2016-02-15 00:48:49] EDIT SlugStock/models/scheduler.py: 0
[2016-02-15 00:50:20] EDIT SlugStock/models/scheduler.py: 0
[2016-02-15 00:51:48] EDIT SlugStock/models/scheduler.py: 0
[2016-02-15 00:52:24] EDIT SlugStock/models/scheduler.py: -1
[2016-02-15 00:55:53] EDIT SlugStock/models/scheduler.py: 0
[2016-02-15 00:57:45] EDIT SlugStock/models/scheduler.py: 0
[2016-02-15 01:01:54] EDIT SlugStock/models/scheduler.py: 0
[2016-02-15 01:02:47] EDIT SlugStock/models/scheduler.py: 0
[2016-02-15 01:02:57] EDIT SlugStock/models/scheduler.py: 0
[2016-02-15 01:03:17] EDIT SlugStock/models/scheduler.py: 0
[2016-02-15 01:04:42] EDIT SlugStock/models/scheduler.py: 0
[2016-02-15 01:04:51] EDIT SlugStock/controllers/default.py: 0
[2016-02-15 01:06:35] EDIT SlugStock/models/scheduler.py: 0
[2016-02-15 01:08:34] EDIT SlugStock/models/scheduler.py: -2
[2016-02-15 01:09:01] EDIT SlugStock/models/scheduler.py: 0
[2016-02-15 01:11:26] EDIT SlugStock/models/scheduler.py: 0
[2016-02-15 01:12:15] EDIT SlugStock/models/scheduler.py: 4
[2016-02-15 01:15:54] EDIT SlugStock/models/scheduler.py: -2
[2016-02-15 01:17:01] EDIT SlugStock/models/scheduler.py: 0
[2016-02-22 20:52:42] EDIT SlugStock/models/db.py: 2
[2016-02-22 20:52:56] EDIT SlugStock/models/db.py: 0
[2016-02-22 21:01:38] EDIT SlugStock/models/scheduler.py: 0
[2016-02-22 21:05:04] EDIT SlugStock/controllers/default.py: 3
[2016-02-22 21:07:02] EDIT SlugStock/controllers/default.py: 1
[2016-02-22 21:08:28] EDIT SlugStock/controllers/default.py: 0
[2016-02-22 21:09:40] EDIT SlugStock/controllers/default.py: 0
[2016-02-22 21:11:24] EDIT SlugStock/controllers/default.py: 0
[2016-02-22 21:11:51] EDIT SlugStock/views/default/profile.html: 4
[2016-02-22 21:12:45] EDIT SlugStock/controllers/default.py: 1
[2016-02-22 21:13:10] EDIT SlugStock/views/default/profile.html: 0
[2016-02-22 21:13:32] EDIT SlugStock/controllers/default.py: 0
[2016-02-22 21:13:51] EDIT SlugStock/controllers/default.py: 0
[2016-02-22 21:15:48] EDIT SlugStock/views/default/profile.html: 0
[2016-02-22 21:17:00] EDIT SlugStock/controllers/default.py: 0
[2016-02-22 21:17:15] EDIT SlugStock/views/default/profile.html: 0
[2016-02-22 21:17:31] EDIT SlugStock/views/default/profile.html: 0
[2016-02-22 21:21:21] EDIT SlugStock/views/default/profile.html: 0
[2016-02-22 21:26:21] EDIT SlugStock/views/default/profile.html: 0
[2016-02-22 21:26:25] EDIT SlugStock/views/default/profile.html: 0
[2016-02-22 21:26:29] EDIT SlugStock/controllers/default.py: 0
[2016-02-28 22:11:59] EDIT SlugStock/models/scheduler.py: 19
[2016-02-28 22:12:32] EDIT SlugStock/models/scheduler.py: 0
[2016-02-28 22:12:46] EDIT SlugStock/models/scheduler.py: 0
[2016-02-28 22:34:57] EDIT SlugStock/models/scheduler.py: 3
[2016-02-28 22:35:17] EDIT SlugStock/models/scheduler.py: 0
[2016-02-28 22:41:34] EDIT SlugStock/models/scheduler.py: 0
[2016-02-28 22:48:24] EDIT SlugStock/models/db.py: 0
[2016-02-28 22:49:20] EDIT SlugStock/models/scheduler.py: 0
[2016-02-28 22:50:26] EDIT SlugStock/models/scheduler.py: 0
[2016-02-28 22:59:17] EDIT SlugStock/models/db.py: 0
[2016-02-28 23:04:08] EDIT SlugStock/controllers/default.py: 0
[2016-02-28 23:04:21] EDIT SlugStock/controllers/default.py: 0
[2016-02-28 23:04:23] EDIT SlugStock/models/db.py: 0
[2016-02-28 23:04:25] EDIT SlugStock/models/scheduler.py: 0
[2016-02-28 23:07:19] EDIT SlugStock/models/scheduler.py: 0
[2016-02-28 23:08:58] EDIT SlugStock/models/db.py: 8
[2016-02-28 23:09:33] EDIT SlugStock/controllers/default.py: 3
[2016-02-28 23:12:52] EDIT SlugStock/models/scheduler.py: 3
[2016-02-28 23:13:12] EDIT SlugStock/models/db.py: 0
[2016-02-28 23:13:15] EDIT SlugStock/controllers/default.py: 0
[2016-02-28 23:13:31] EDIT SlugStock/models/scheduler.py: 0
[2016-02-28 23:14:23] EDIT SlugStock/models/scheduler.py: 0
[2016-02-28 23:15:14] EDIT SlugStock/models/scheduler.py: 0
[2016-02-28 23:15:18] EDIT SlugStock/models/db.py: 0
[2016-02-28 23:15:22] EDIT SlugStock/controllers/default.py: 0
[2016-02-28 23:15:24] EDIT SlugStock/views/default/profile.html: 0
[2016-02-28 23:20:08] EDIT SlugStock/models/scheduler.py: 0
[2016-02-28 23:20:20] EDIT SlugStock/models/scheduler.py: 0
[2016-02-28 23:28:52] EDIT SlugStock/models/db.py: 0
[2016-02-28 23:29:16] EDIT SlugStock/models/db.py: 0
[2016-02-28 23:34:05] EDIT SlugStock/models/db.py: 0
[2016-02-28 23:35:06] EDIT SlugStock/models/db.py: 0
[2016-02-28 23:39:02] EDIT SlugStock/models/db.py: 0
[2016-02-28 23:40:07] EDIT SlugStock/models/db.py: 0
[2016-02-28 23:42:56] EDIT SlugStock/models/db.py: 0
[2016-02-28 23:44:58] EDIT SlugStock/models/db.py: 0
[2016-02-28 23:45:02] EDIT SlugStock/models/scheduler.py: 0
[2016-02-28 23:45:04] EDIT SlugStock/controllers/default.py: 0
[2016-02-28 23:45:07] EDIT SlugStock/views/default/profile.html: 0
[2016-02-28 23:50:13] EDIT SlugStock/models/db.py: 1
[2016-02-29 00:27:54] EDIT SlugStock/views/default/profile.html: -1
[2016-02-29 00:28:35] EDIT SlugStock/views/default/profile.html: 0
[2016-02-29 00:43:40] EDIT SlugStock/models/db.py: 3
[2016-02-29 00:44:11] EDIT SlugStock/models/db.py: 0
[2016-02-29 00:44:43] EDIT SlugStock/models/db.py: 0
[2016-02-29 00:49:52] EDIT SlugStock/models/db.py: 2
[2016-02-29 00:50:09] EDIT SlugStock/models/db.py: 0
[2016-02-29 00:50:11] EDIT SlugStock/models/db.py: 0
[2016-02-29 00:50:23] EDIT SlugStock/models/db.py: 0
[2016-02-29 00:51:59] EDIT SlugStock/models/db.py: 0
[2016-02-29 00:55:16] EDIT SlugStock/models/scheduler.py: 4
[2016-02-29 00:55:20] EDIT SlugStock/models/scheduler.py: 0
[2016-02-29 00:56:22] EDIT SlugStock/models/scheduler.py: 1
[2016-02-29 00:56:55] EDIT SlugStock/controllers/default.py: 1
[2016-02-29 01:03:40] EDIT SlugStock/models/scheduler.py: 0
[2016-02-29 01:13:10] EDIT SlugStock/models/scheduler.py: 0
[2016-02-29 01:15:41] EDIT SlugStock/models/scheduler.py: 0
[2016-02-29 23:58:20] EDIT SlugStock/controllers/default.py: 0
[2016-03-01 00:35:30] EDIT SlugStock/models/scheduler.py: 0
[2016-03-01 00:35:39] EDIT SlugStock/models/scheduler.py: 0
[2016-03-04 01:36:07] EDIT SlugStock/controllers/default.py: 5
[2016-03-04 01:36:22] EDIT SlugStock/controllers/default.py: 0
[2016-03-04 01:37:57] EDIT SlugStock/views/default/profile.html: 0
[2016-03-04 01:40:51] EDIT SlugStock/views/default/profile.html: 0
[2016-03-04 01:41:20] EDIT SlugStock/views/default/profile.html: 0
[2016-03-04 01:42:56] EDIT SlugStock/views/default/profile.html: 0
[2016-03-04 01:43:01] EDIT SlugStock/controllers/default.py: -5
[2016-03-04 01:49:48] EDIT SlugStock/views/default/profile.html: 0
[2016-03-04 01:50:18] EDIT SlugStock/views/default/profile.html: 0
[2016-03-04 01:51:32] EDIT SlugStock/views/default/profile.html: 5
[2016-03-04 01:52:40] EDIT SlugStock/views/default/profile.html: 0
[2016-03-04 01:54:52] EDIT SlugStock/views/default/profile.html: 0
[2016-03-04 01:56:12] EDIT SlugStock/views/default/profile.html: 0
[2016-03-04 01:59:47] EDIT SlugStock/views/default/profile.html: 1
[2016-03-04 02:03:54] EDIT SlugStock/views/default/profile.html: 0
[2016-03-04 02:04:35] EDIT SlugStock/views/default/profile.html: 0
[2016-03-04 02:04:50] EDIT SlugStock/views/default/profile.html: 0
[2016-03-04 02:05:16] EDIT SlugStock/views/default/profile.html: -1
[2016-03-04 02:07:19] EDIT SlugStock/controllers/default.py: 3
[2016-03-04 02:08:36] EDIT SlugStock/controllers/default.py: 1
[2016-03-04 02:09:57] EDIT SlugStock/views/default/profile.html: 0
[2016-03-04 02:10:18] EDIT SlugStock/views/default/profile.html: 0
[2016-03-04 02:11:44] EDIT SlugStock/views/default/profile.html: 0
[2016-03-04 02:11:45] EDIT SlugStock/views/default/profile.html: 0
[2016-03-04 02:12:30] EDIT SlugStock/views/default/profile.html: 0
[2016-03-04 02:12:45] EDIT SlugStock/views/default/profile.html: 0
[2016-03-04 02:15:18] EDIT SlugStock/views/default/profile.html: 0
[2016-03-04 02:16:57] EDIT SlugStock/views/default/profile.html: 0
[2016-03-04 02:17:31] EDIT SlugStock/views/default/profile.html: 0
[2016-03-04 02:20:18] EDIT SlugStock/views/default/profile.html: 0
[2016-03-04 02:22:07] EDIT SlugStock/views/default/profile.html: 0
[2016-03-04 02:22:32] EDIT SlugStock/views/default/profile.html: 0
[2016-03-04 02:22:41] EDIT SlugStock/views/default/profile.html: 0
[2016-03-04 02:24:11] EDIT SlugStock/views/default/profile.html: 0
[2016-03-04 02:24:11] EDIT SlugStock/views/default/profile.html: 0
[2016-03-04 02:24:52] EDIT SlugStock/views/default/profile.html: 0
[2016-03-04 02:27:27] EDIT SlugStock/views/default/profile.html: 0
[2016-03-04 02:27:58] EDIT SlugStock/views/default/profile.html: 0
[2016-03-04 02:32:19] EDIT SlugStock/controllers/default.py: 12
[2016-03-04 02:32:31] EDIT SlugStock/controllers/default.py: 0
[2016-03-04 02:33:54] EDIT SlugStock/views/default/profile.html: 0
[2016-03-04 02:34:52] EDIT SlugStock/views/default/profile.html: 0
[2016-03-04 02:35:39] EDIT SlugStock/views/default/profile.html: 0
[2016-03-04 02:35:49] EDIT SlugStock/views/default/profile.html: 0
[2016-03-04 02:36:36] EDIT SlugStock/views/default/profile.html: 0
[2016-03-04 02:38:10] EDIT SlugStock/controllers/default.py: 0
[2016-03-04 02:40:06] EDIT SlugStock/controllers/default.py: 0
[2016-03-04 02:40:49] EDIT SlugStock/controllers/default.py: 0
[2016-03-04 02:40:52] EDIT SlugStock/controllers/default.py: 0
[2016-03-04 02:40:58] EDIT SlugStock/models/scheduler.py: 0
[2016-03-04 02:41:01] EDIT SlugStock/views/default/profile.html: 0
[2016-03-04 02:48:50] EDIT SlugStock/views/default/profile.html: 0
[2016-03-06 22:09:51] EDIT SlugStock/models/scheduler.py: 1
[2016-03-06 22:11:50] EDIT SlugStock/views/default/profile.html: 5
[2016-03-06 22:11:57] EDIT SlugStock/views/default/profile.html: 0
[2016-03-06 22:16:43] EDIT SlugStock/controllers/default.py: 6
[2016-03-06 22:16:50] EDIT SlugStock/controllers/default.py: 0
[2016-03-06 22:17:18] EDIT SlugStock/controllers/default.py: 0
[2016-03-06 22:21:25] EDIT SlugStock/views/default/profile.html: 0
[2016-03-06 22:25:37] EDIT SlugStock/views/default/profile.html: 0
[2016-03-06 22:27:21] EDIT SlugStock/views/default/profile.html: 0
[2016-03-06 22:33:06] EDIT SlugStock/controllers/default.py: 1
[2016-03-06 22:34:46] EDIT SlugStock/views/default/profile.html: 3
[2016-03-06 22:35:27] EDIT SlugStock/views/default/profile.html: -3
[2016-03-06 22:36:37] EDIT SlugStock/controllers/default.py: 0
[2016-03-06 22:38:02] EDIT SlugStock/controllers/default.py: 0
[2016-03-06 22:38:54] EDIT SlugStock/controllers/default.py: 1
[2016-03-06 22:39:20] EDIT SlugStock/controllers/default.py: 0
[2016-03-06 22:40:31] EDIT SlugStock/views/default/profile.html: 0
[2016-03-06 22:41:40] EDIT SlugStock/views/default/profile.html: 0
[2016-03-06 22:42:13] EDIT SlugStock/controllers/default.py: 2
[2016-03-06 22:43:19] EDIT SlugStock/controllers/default.py: 0
[2016-03-06 22:44:17] EDIT SlugStock/controllers/default.py: 0
[2016-03-06 22:44:56] EDIT SlugStock/views/default/profile.html: 5
[2016-03-06 22:47:01] EDIT SlugStock/views/default/profile.html: 0
[2016-03-06 22:47:23] EDIT SlugStock/views/default/profile.html: 0
[2016-03-06 22:48:25] EDIT SlugStock/controllers/default.py: 6
[2016-03-06 22:49:54] EDIT SlugStock/controllers/default.py: 0
[2016-03-06 22:50:52] EDIT SlugStock/controllers/default.py: 0
[2016-03-06 22:53:32] EDIT SlugStock/controllers/default.py: 0
[2016-03-06 22:54:55] EDIT SlugStock/controllers/default.py: 0
[2016-03-06 22:56:35] EDIT SlugStock/controllers/default.py: 0
[2016-03-06 22:57:03] EDIT SlugStock/controllers/default.py: 0
[2016-03-06 23:01:43] EDIT SlugStock/controllers/default.py: 0
[2016-03-06 23:02:36] EDIT SlugStock/controllers/default.py: 0
[2016-03-06 23:02:58] EDIT SlugStock/controllers/default.py: 0
[2016-03-06 23:04:42] EDIT SlugStock/controllers/default.py: 4
[2016-03-06 23:06:21] EDIT SlugStock/controllers/default.py: 2
[2016-03-06 23:12:17] EDIT SlugStock/controllers/default.py: 0
[2016-03-06 23:12:51] EDIT SlugStock/controllers/default.py: 0
[2016-03-06 23:13:25] EDIT SlugStock/controllers/default.py: 0
[2016-03-06 23:14:45] EDIT SlugStock/controllers/default.py: 1
[2016-03-06 23:16:44] EDIT SlugStock/controllers/default.py: 0
[2016-03-06 23:18:23] EDIT SlugStock/controllers/default.py: 0
[2016-03-06 23:21:05] EDIT SlugStock/controllers/default.py: 0
[2016-03-06 23:21:52] EDIT SlugStock/controllers/default.py: 0
[2016-03-06 23:23:23] EDIT SlugStock/controllers/default.py: 0
[2016-03-06 23:23:33] EDIT SlugStock/controllers/default.py: -2
[2016-03-06 23:27:29] EDIT SlugStock/controllers/default.py: 3
[2016-03-06 23:28:34] EDIT SlugStock/controllers/default.py: -3
[2016-03-06 23:28:55] EDIT SlugStock/controllers/default.py: 3
[2016-03-06 23:29:40] EDIT SlugStock/controllers/default.py: 0
[2016-03-06 23:31:06] EDIT SlugStock/controllers/default.py: 0
[2016-03-06 23:34:24] CREATE default/profile2.html: 0
[2016-03-06 23:34:50] EDIT SlugStock/views/default/profile2.html: 40
[2016-03-06 23:35:41] EDIT SlugStock/controllers/default.py: 36
[2016-03-06 23:36:06] EDIT SlugStock/controllers/default.py: 0
[2016-03-06 23:38:06] EDIT SlugStock/controllers/default.py: -2
[2016-03-06 23:40:15] EDIT SlugStock/controllers/default.py: -1
[2016-03-06 23:42:50] EDIT SlugStock/controllers/default.py: 0
[2016-03-06 23:43:30] EDIT SlugStock/controllers/default.py: 0
[2016-03-06 23:43:44] EDIT SlugStock/controllers/default.py: -36
[2016-03-06 23:43:56] EDIT SlugStock/views/default/profile2.html: -42
[2016-03-06 23:44:40] EDIT SlugStock/controllers/default.py: 0
[2016-03-07 00:05:21] EDIT SlugStock/controllers/default.py: 4
[2016-03-07 00:05:43] EDIT SlugStock/controllers/default.py: 0
[2016-03-07 00:06:12] EDIT SlugStock/views/default/profile.html: 3
[2016-03-07 00:06:54] EDIT SlugStock/views/default/profile.html: 0
[2016-03-07 00:07:12] EDIT SlugStock/controllers/default.py: 0
[2016-03-07 00:07:32] EDIT SlugStock/controllers/default.py: 0
[2016-03-07 00:08:20] EDIT SlugStock/controllers/default.py: 0
[2016-03-07 00:08:30] EDIT SlugStock/views/default/profile.html: 0
[2016-03-07 00:09:01] EDIT SlugStock/controllers/default.py: 0
[2016-03-07 00:09:47] EDIT SlugStock/controllers/default.py: 0
[2016-03-07 00:10:09] EDIT SlugStock/controllers/default.py: 0
[2016-03-07 00:10:29] EDIT SlugStock/controllers/default.py: 0
[2016-03-07 00:12:00] EDIT SlugStock/controllers/default.py: 0
[2016-03-07 00:40:49] EDIT SlugStock/models/scheduler.py: 60
[2016-03-07 00:41:27] EDIT SlugStock/models/scheduler.py: 0
[2016-03-07 00:43:57] EDIT SlugStock/models/scheduler.py: 3
[2016-03-07 00:45:08] EDIT SlugStock/models/db.py: 0
[2016-03-07 00:47:04] EDIT SlugStock/controllers/default.py: 0
[2016-03-07 00:47:06] EDIT SlugStock/models/scheduler.py: 0
[2016-03-07 00:55:43] EDIT SlugStock/models/scheduler.py: 0
[2016-03-07 00:56:40] EDIT SlugStock/models/scheduler.py: 0
[2016-03-07 00:59:37] EDIT SlugStock/models/scheduler.py: 0
[2016-03-07 01:07:58] EDIT SlugStock/models/scheduler.py: 1
[2016-03-07 01:08:32] EDIT SlugStock/models/scheduler.py: 0
[2016-03-07 01:11:54] EDIT SlugStock/models/scheduler.py: 0
[2016-03-07 01:14:53] EDIT SlugStock/models/scheduler.py: 1
[2016-03-07 01:36:05] EDIT SlugStock/controllers/default.py: 0
[2016-03-07 01:41:02] EDIT SlugStock/controllers/default.py: 2
[2016-03-07 01:41:47] EDIT SlugStock/controllers/default.py: -2
[2016-03-07 01:55:45] EDIT SlugStock/controllers/default.py: 1
[2016-03-07 01:56:29] EDIT SlugStock/controllers/default.py: -1
[2016-03-07 01:59:07] EDIT SlugStock/controllers/default.py: 0
[2016-03-07 02:01:09] EDIT SlugStock/controllers/default.py: 0
[2016-03-07 02:01:41] EDIT SlugStock/controllers/default.py: 0
[2016-03-07 02:02:37] EDIT SlugStock/controllers/default.py: 0
[2016-03-07 02:03:39] EDIT SlugStock/controllers/default.py: 0
[2016-03-07 09:37:22] EDIT SlugStock/controllers/default.py: 2
[2016-03-07 09:37:34] EDIT SlugStock/controllers/default.py: 0
[2016-03-07 09:38:38] EDIT SlugStock/controllers/default.py: 0
[2016-03-07 09:40:32] EDIT SlugStock/controllers/default.py: 0
[2016-03-07 09:40:32] EDIT SlugStock/views/default/profile.html: 0
[2016-03-12 22:53:36] EDIT SlugStock/models/scheduler.py: 0
[2016-03-13 00:19:02] EDIT SlugStock/models/scheduler.py: 3
[2016-03-13 00:19:05] EDIT SlugStock/models/scheduler.py: 0
[2016-03-13 00:36:07] EDIT SlugStock/models/scheduler.py: -1
[2016-03-13 00:36:11] EDIT SlugStock/models/scheduler.py: -1
[2016-03-13 00:36:20] EDIT SlugStock/models/scheduler.py: 2
[2016-03-13 00:49:04] EDIT SlugStock/models/scheduler.py: 0
[2016-03-13 00:50:14] EDIT SlugStock/models/scheduler.py: 0
[2016-03-13 00:57:37] EDIT SlugStock/models/scheduler.py: 0
[2016-03-13 00:59:46] EDIT SlugStock/models/scheduler.py: 0
[2016-03-13 02:05:03] EDIT SlugStock/views/default/profile2.html: 45
[2016-03-13 02:05:36] CREATE default/follow.html: 0
[2016-03-13 02:08:55] EDIT SlugStock/views/default/profile.html: 1
[2016-03-13 02:09:21] EDIT SlugStock/views/default/profile.html: -16
[2016-03-13 02:11:28] EDIT SlugStock/views/default/profile.html: 4
[2016-03-13 02:12:05] EDIT SlugStock/controllers/default.py: 6
[2016-03-13 02:12:19] EDIT SlugStock/views/default/profile.html: 0
[2016-03-13 02:13:11] EDIT SlugStock/views/default/follow.html: 13
[2016-03-13 02:14:58] EDIT SlugStock/controllers/default.py: -2
[2016-03-13 02:15:04] EDIT SlugStock/views/default/profile.html: 0
[2016-03-13 02:16:09] EDIT SlugStock/controllers/default.py: 0
[2016-03-13 02:16:26] EDIT SlugStock/controllers/default.py: 0
[2016-03-13 02:18:19] EDIT SlugStock/controllers/default.py: 22
[2016-03-13 02:19:29] EDIT SlugStock/controllers/default.py: -1
[2016-03-13 02:20:38] EDIT SlugStock/controllers/default.py: 0
[2016-03-13 02:20:48] EDIT SlugStock/controllers/default.py: 0
[2016-03-13 02:21:18] EDIT SlugStock/views/default/profile.html: 0
[2016-03-13 02:21:25] EDIT SlugStock/views/default/follow.html: 0
[2016-03-13 02:22:31] EDIT SlugStock/views/default/profile.html: 0
[2016-03-13 02:23:01] EDIT SlugStock/views/default/profile.html: 0
[2016-03-13 02:23:08] EDIT SlugStock/views/default/profile.html: 0
[2016-03-13 02:23:17] EDIT SlugStock/views/default/profile.html: 0
[2016-03-13 02:24:36] EDIT SlugStock/views/default/profile.html: 0
[2016-03-13 02:27:40] EDIT SlugStock/controllers/default.py: 0
[2016-03-13 02:31:22] EDIT SlugStock/controllers/default.py: -1
[2016-03-13 02:31:27] EDIT SlugStock/controllers/default.py: 0
[2016-03-13 02:33:19] EDIT SlugStock/controllers/default.py: 1
[2016-03-13 02:33:26] EDIT SlugStock/controllers/default.py: -20
[2016-03-13 02:33:42] EDIT SlugStock/controllers/default.py: 20
[2016-03-13 02:35:31] EDIT SlugStock/views/default/profile.html: 0
[2016-03-13 02:36:53] EDIT SlugStock/controllers/default.py: 0
[2016-03-13 02:38:17] EDIT SlugStock/controllers/default.py: -1
[2016-03-13 02:39:42] EDIT SlugStock/views/default/follow.html: -3
[2016-03-13 02:39:43] EDIT SlugStock/views/default/follow.html: 0
[2016-03-13 02:40:16] EDIT SlugStock/views/default/profile.html: -15
[2016-03-13 02:40:21] EDIT SlugStock/views/default/follow.html: 15
[2016-03-13 02:41:48] EDIT SlugStock/controllers/default.py: 0
[2016-03-13 02:42:23] EDIT SlugStock/controllers/default.py: 0
[2016-03-13 02:44:29] EDIT SlugStock/controllers/default.py: 0
[2016-03-13 02:45:21] EDIT SlugStock/controllers/default.py: 0
[2016-03-13 02:48:09] EDIT SlugStock/views/default/follow.html: 0
[2016-03-13 21:50:55] EDIT SlugStock/controllers/default.py: 0
[2016-03-13 21:51:05] EDIT SlugStock/controllers/default.py: 0
[2016-03-13 22:00:21] EDIT SlugStock/controllers/default.py: 91
[2016-03-13 22:06:23] EDIT SlugStock/controllers/default.py: 0
[2016-03-13 22:25:41] EDIT SlugStock/views/default/follow.html: 0
[2016-03-13 22:26:12] EDIT SlugStock/views/default/follow.html: 4
[2016-03-13 22:28:30] EDIT SlugStock/views/default/follow.html: 2
[2016-03-13 22:28:47] EDIT SlugStock/views/default/follow.html: 0
[2016-03-13 22:29:02] EDIT SlugStock/views/default/follow.html: 0
[2016-03-13 22:30:33] EDIT SlugStock/controllers/default.py: 0
[2016-03-13 22:31:36] EDIT SlugStock/controllers/default.py: 0
[2016-03-13 22:32:29] EDIT SlugStock/controllers/default.py: 0
[2016-03-13 22:34:14] EDIT SlugStock/controllers/default.py: 0
[2016-03-13 22:34:33] EDIT SlugStock/views/default/follow.html: 0
[2016-03-13 22:35:27] EDIT SlugStock/controllers/default.py: 0
[2016-03-13 22:42:31] EDIT SlugStock/views/default/follow.html: 16
[2016-03-13 22:43:04] EDIT SlugStock/views/default/follow.html: 0
[2016-03-13 22:43:27] EDIT SlugStock/views/default/follow.html: 0
[2016-03-13 22:43:58] EDIT SlugStock/controllers/default.py: 0
[2016-03-13 22:44:09] EDIT SlugStock/views/default/follow.html: 4
[2016-03-14 04:07:11] EDIT SlugStock/views/default/index.html: 3
[2016-03-14 04:07:27] EDIT SlugStock/views/default/index.html: -3
[2016-03-14 04:08:23] EDIT SlugStock/views/default/index.html: 7
[2016-03-14 04:09:12] EDIT SlugStock/views/default/index.html: -1
[2016-03-14 04:09:56] EDIT SlugStock/views/default/index.html: 0
[2016-03-14 04:10:00] EDIT SlugStock/views/default/index.html: 0
[2016-03-14 04:11:17] EDIT SlugStock/controllers/default.py: 0
[2016-03-14 04:11:39] EDIT SlugStock/views/default/index.html: -1
[2016-03-14 04:11:43] EDIT SlugStock/views/default/index.html: -1
[2016-03-14 05:18:35] EDIT SlugStock/controllers/default.py: 4
[2016-03-14 05:23:17] EDIT SlugStock/controllers/default.py: 0
[2016-03-14 05:23:46] EDIT SlugStock/controllers/default.py: 0
[2016-03-14 05:24:03] EDIT SlugStock/controllers/default.py: 0
[2016-03-14 05:24:57] EDIT SlugStock/controllers/default.py: 2
[2016-03-14 05:25:20] EDIT SlugStock/controllers/default.py: 2
[2016-03-14 05:26:54] EDIT SlugStock/controllers/default.py: 0
[2016-03-14 05:29:12] EDIT SlugStock/controllers/default.py: 5
[2016-03-14 05:29:43] EDIT SlugStock/views/default/index.html: 0
[2016-03-14 05:29:50] EDIT SlugStock/controllers/default.py: 0
[2016-03-14 05:30:56] EDIT SlugStock/controllers/default.py: 5
[2016-03-14 05:31:47] EDIT SlugStock/controllers/default.py: 5
[2016-03-14 05:31:50] EDIT SlugStock/controllers/default.py: 0
[2016-03-14 05:31:57] EDIT SlugStock/controllers/default.py: 0
[2016-03-14 05:33:30] EDIT SlugStock/views/default/index.html: 0
[2016-03-14 05:33:43] EDIT SlugStock/views/default/index.html: 0
[2016-03-14 05:34:22] EDIT SlugStock/views/default/index.html: 0
[2016-03-14 05:35:02] EDIT SlugStock/views/default/index.html: 0
[2016-03-14 05:35:31] EDIT SlugStock/views/default/index.html: 0
[2016-03-14 05:36:34] EDIT SlugStock/views/default/index.html: -1
[2016-03-14 05:39:40] EDIT SlugStock/controllers/default.py: 1
[2016-03-14 05:40:06] EDIT SlugStock/controllers/default.py: 0
[2016-03-14 05:41:01] EDIT SlugStock/controllers/default.py: 0
[2016-03-14 05:43:14] EDIT SlugStock/controllers/default.py: 0
[2016-03-14 05:51:17] EDIT SlugStock/controllers/default.py: 1
[2016-03-14 05:51:24] EDIT SlugStock/controllers/default.py: 0
[2016-03-14 05:51:30] EDIT SlugStock/controllers/default.py: 0
[2016-03-14 05:52:33] EDIT SlugStock/controllers/default.py: -21
[2016-03-14 05:52:55] EDIT SlugStock/controllers/default.py: 0
[2016-03-14 05:53:20] EDIT SlugStock/controllers/default.py: 0
[2016-03-14 05:54:40] EDIT SlugStock/views/default/follow.html: 0
[2016-03-14 05:56:22] EDIT SlugStock/views/default/follow.html: 4
[2016-03-14 05:56:30] EDIT SlugStock/views/default/follow.html: 0
[2016-03-14 05:56:48] EDIT SlugStock/views/default/follow.html: 0
[2016-03-14 05:56:57] EDIT SlugStock/views/default/follow.html: 0
[2016-03-14 06:03:34] EDIT SlugStock/views/default/follow.html: 9
[2016-03-14 06:06:57] EDIT SlugStock/views/default/follow.html: 0
[2016-03-14 06:09:25] EDIT SlugStock/controllers/default.py: 24
[2016-03-14 06:12:51] CREATE add_note.html: 0
[2016-03-14 06:13:06] EDIT SlugStock/views/add_note.html: 64
[2016-03-14 06:13:08] EDIT SlugStock/views/default/follow.html: 0
[2016-03-14 06:14:10] EDIT SlugStock/views/default/follow.html: 0
[2016-03-14 06:15:03] EDIT SlugStock/views/default/follow.html: 0
[2016-03-14 06:15:21] EDIT SlugStock/views/default/follow.html: 0
[2016-03-14 06:15:49] EDIT SlugStock/views/add_note.html: 0
[2016-03-14 06:18:12] EDIT SlugStock/controllers/default.py: 0
[2016-03-14 06:20:54] EDIT SlugStock/views/default/follow.html: 0
[2016-03-14 06:21:01] EDIT SlugStock/views/default/follow.html: -4
[2016-03-14 06:22:17] EDIT SlugStock/views/default/follow.html: 0
[2016-03-14 06:25:53] EDIT SlugStock/views/default/follow.html: 0
[2016-03-14 06:29:49] EDIT SlugStock/views/default/follow.html: 0
[2016-03-14 06:31:40] EDIT SlugStock/controllers/default.py: 2
[2016-03-14 06:32:09] EDIT SlugStock/controllers/default.py: 0
[2016-03-14 06:32:23] EDIT SlugStock/controllers/default.py: 0
[2016-03-14 06:34:27] EDIT SlugStock/views/add_note.html: -4
[2016-03-14 06:36:36] EDIT SlugStock/views/default/follow.html: 1
[2016-03-14 06:37:02] EDIT SlugStock/views/default/follow.html: -1
[2016-03-14 06:39:12] EDIT SlugStock/controllers/default.py: 0
[2016-03-14 06:39:14] EDIT SlugStock/views/default/follow.html: 0
[2016-03-14 06:39:15] EDIT SlugStock/views/default/profile.html: 0
[2016-03-14 06:41:03] EDIT SlugStock/controllers/default.py: 0
[2016-03-14 06:42:06] EDIT SlugStock/controllers/default.py: 0
[2016-03-14 06:42:44] EDIT SlugStock/controllers/default.py: -22
[2016-03-14 06:43:05] EDIT SlugStock/controllers/default.py: 22
[2016-03-14 06:45:49] EDIT SlugStock/views/add_note.html: 1
[2016-03-14 06:46:42] EDIT SlugStock/views/default/follow.html: 1
[2016-03-14 06:48:48] EDIT SlugStock/views/default/follow.html: 0
[2016-03-14 06:49:11] CREATE default/add_note.html: 0
[2016-03-14 06:49:20] EDIT SlugStock/views/default/add_note.html: 61
[2016-03-14 06:50:57] EDIT SlugStock/views/add_note.html: -2
[2016-03-14 06:52:06] EDIT SlugStock/views/add_note.html: 0
[2016-03-14 06:52:14] EDIT SlugStock/views/add_note.html: 0
[2016-03-14 06:52:29] EDIT SlugStock/views/default/add_note.html: -2
[2016-03-14 06:52:40] EDIT SlugStock/views/default/follow.html: -2
[2016-03-14 06:53:34] EDIT SlugStock/views/default/follow.html: 0
[2016-03-14 06:53:55] EDIT SlugStock/views/default/follow.html: 0
[2016-03-14 06:54:09] EDIT SlugStock/views/default/follow.html: 0
[2016-03-14 06:54:17] EDIT SlugStock/views/default/follow.html: 0
[2016-03-14 06:54:29] EDIT SlugStock/views/default/follow.html: 0
[2016-03-14 06:55:18] EDIT SlugStock/views/default/follow.html: 0
[2016-03-14 06:55:32] EDIT SlugStock/views/default/add_note.html: 0
[2016-03-14 06:55:34] EDIT SlugStock/views/default/follow.html: 0
[2016-03-14 06:56:06] EDIT SlugStock/controllers/default.py: 26
[2016-03-14 06:56:57] EDIT SlugStock/controllers/default.py: 0
[2016-03-14 06:57:01] EDIT SlugStock/controllers/default.py: 0
[2016-03-14 06:57:02] EDIT SlugStock/views/default/follow.html: 0
[2016-03-14 06:57:37] EDIT SlugStock/controllers/default.py: 0
[2016-03-14 06:57:48] EDIT SlugStock/views/default/follow.html: 0
[2016-03-14 06:57:52] EDIT SlugStock/views/default/add_note.html: 0
[2016-03-14 06:58:13] CREATE default/add_limit.html: 0
[2016-03-14 06:58:17] EDIT SlugStock/views/default/add_limit.html: 59
[2016-03-14 07:00:44] EDIT SlugStock/controllers/default.py: -4
[2016-03-14 07:01:43] EDIT SlugStock/controllers/default.py: 0
[2016-03-14 07:02:57] EDIT SlugStock/controllers/default.py: -8
[2016-03-14 07:04:37] EDIT SlugStock/controllers/default.py: 0
[2016-03-14 07:04:48] EDIT SlugStock/views/default/profile.html: 0
[2016-03-14 07:05:33] EDIT SlugStock/controllers/default.py: -8
[2016-03-14 07:05:46] EDIT SlugStock/views/default/profile.html: 0
[2016-03-14 07:06:27] EDIT SlugStock/controllers/default.py: 20
[2016-03-14 07:06:41] EDIT SlugStock/controllers/default.py: -4
[2016-03-14 07:06:48] EDIT SlugStock/controllers/default.py: 0
[2016-03-14 07:06:55] EDIT SlugStock/controllers/default.py: -8
[2016-03-14 07:07:09] EDIT SlugStock/controllers/default.py: 0
[2016-03-14 07:07:22] EDIT SlugStock/controllers/default.py: 8
[2016-03-14 07:07:38] EDIT SlugStock/controllers/default.py: -8
[2016-03-14 07:08:09] EDIT SlugStock/views/default/profile.html: 0
[2016-03-14 07:08:10] EDIT SlugStock/views/default/profile.html: 0
[2016-03-14 07:08:47] EDIT SlugStock/controllers/default.py: 12
[2016-03-14 07:08:59] EDIT SlugStock/controllers/default.py: 0
[2016-03-14 07:09:11] EDIT SlugStock/controllers/default.py: 0
[2016-03-14 07:09:17] EDIT SlugStock/views/default/follow.html: 0
[2016-03-14 07:09:22] EDIT SlugStock/views/default/add_note.html: 0
[2016-03-14 07:09:27] EDIT SlugStock/views/default/add_limit.html: 0
[2016-03-14 07:09:32] EDIT SlugStock/controllers/default.py: 0
[2016-03-14 07:10:22] EDIT SlugStock/views/default/profile.html: 0
[2016-03-14 07:10:41] EDIT SlugStock/controllers/default.py: 0
[2016-03-14 07:11:13] EDIT SlugStock/controllers/default.py: -13
[2016-03-14 07:11:39] EDIT SlugStock/controllers/default.py: 0
[2016-03-14 07:12:01] EDIT SlugStock/controllers/default.py: 0
[2016-03-14 07:12:13] EDIT SlugStock/controllers/default.py: -6
[2016-03-14 07:12:29] EDIT SlugStock/controllers/default.py: 6
[2016-03-14 07:13:17] EDIT SlugStock/controllers/default.py: -6
[2016-03-14 07:13:43] EDIT SlugStock/controllers/default.py: 0
[2016-03-14 07:13:49] EDIT SlugStock/views/default/profile.html: 0
[2016-03-14 07:14:00] EDIT SlugStock/controllers/default.py: 0
[2016-03-14 07:14:14] EDIT SlugStock/controllers/default.py: 0
[2016-03-14 07:14:27] EDIT SlugStock/controllers/default.py: 0
[2016-03-14 07:15:32] EDIT SlugStock/controllers/default.py: -12
[2016-03-14 07:15:39] EDIT SlugStock/controllers/default.py: 0
[2016-03-14 07:15:44] EDIT SlugStock/controllers/default.py: 0
[2016-03-14 07:15:50] EDIT SlugStock/controllers/default.py: 0
[2016-03-14 07:23:07] EDIT SlugStock/views/default/follow.html: 0
[2016-03-14 07:24:40] EDIT SlugStock/controllers/default.py: 15
[2016-03-14 07:25:00] EDIT SlugStock/views/default/follow.html: 0
[2016-03-14 07:25:26] CREATE default/delete_note.html: 0
[2016-03-14 07:25:36] EDIT SlugStock/views/default/follow.html: 0
[2016-03-14 07:25:41] EDIT SlugStock/views/default/add_note.html: 0
[2016-03-14 07:25:46] EDIT SlugStock/views/default/add_limit.html: 0
[2016-03-14 07:25:48] EDIT SlugStock/views/default/delete_note.html: 59
[2016-03-14 07:26:22] CREATE default/delete_subscription.html: 0
[2016-03-14 07:27:59] EDIT SlugStock/views/default/follow.html: 0
[2016-03-14 07:28:24] EDIT SlugStock/controllers/default.py: 15
[2016-03-14 07:28:34] EDIT SlugStock/views/default/follow.html: 0
[2016-03-14 07:28:39] EDIT SlugStock/views/default/add_note.html: 0
[2016-03-14 07:28:43] EDIT SlugStock/views/default/add_limit.html: 0
[2016-03-14 07:28:48] EDIT SlugStock/views/default/delete_note.html: 0
[2016-03-14 07:28:51] EDIT SlugStock/views/default/delete_subscription.html: 59
[2016-03-14 07:30:04] EDIT SlugStock/controllers/default.py: -8
[2016-03-14 07:30:32] EDIT SlugStock/controllers/default.py: -8
[2016-03-14 07:30:36] EDIT SlugStock/controllers/default.py: -8
[2016-03-14 07:30:54] EDIT SlugStock/controllers/default.py: -16
[2016-03-14 07:31:46] EDIT SlugStock/controllers/default.py: 0
[2016-03-14 07:31:48] EDIT SlugStock/views/default/profile.html: 0
[2016-03-14 07:32:41] EDIT SlugStock/views/default/follow.html: 1
[2016-03-14 07:34:20] EDIT SlugStock/views/default/follow.html: 5
[2016-03-14 07:34:34] EDIT SlugStock/views/default/follow.html: 0
[2016-03-14 07:34:41] EDIT SlugStock/views/default/follow.html: 0
[2016-03-14 07:34:46] EDIT SlugStock/views/default/add_note.html: 6
[2016-03-14 07:34:50] EDIT SlugStock/views/default/add_limit.html: 6
[2016-03-14 07:34:54] EDIT SlugStock/views/default/delete_note.html: 6
[2016-03-14 07:34:58] EDIT SlugStock/views/default/delete_subscription.html: 6
[2016-03-14 07:36:17] EDIT SlugStock/controllers/default.py: 0
[2016-03-14 07:37:38] EDIT SlugStock/views/default/follow.html: 0
[2016-03-14 07:40:08] EDIT SlugStock/controllers/default.py: 5
[2016-03-14 07:40:55] DELETE SlugStock/views/default/delete_subscription.html: -68
[2016-03-14 07:41:01] DELETE SlugStock/views/default/delete_note.html: -68
[2016-03-14 07:41:06] DELETE SlugStock/views/default/add_note.html: -68
[2016-03-14 07:41:09] DELETE SlugStock/views/default/add_limit.html: -68
[2016-03-14 07:41:15] DELETE SlugStock/views/default/profile2.html: -46
[2016-03-14 07:41:22] EDIT SlugStock/views/default/profile.html: 0
[2016-03-14 07:41:23] EDIT SlugStock/controllers/default.py: 0
[2016-03-14 07:41:24] EDIT SlugStock/views/default/follow.html: 0
[2016-03-14 07:43:29] EDIT SlugStock/controllers/default.py: 0
[2016-03-14 07:43:51] EDIT SlugStock/controllers/default.py: 0
[2016-03-14 07:45:58] EDIT SlugStock/controllers/default.py: 0
[2016-03-14 07:46:43] EDIT SlugStock/controllers/default.py: 0
[2016-03-14 07:47:01] EDIT SlugStock/controllers/default.py: 0
[2016-03-14 07:48:38] EDIT SlugStock/views/default/follow.html: 0
[2016-03-14 07:49:05] EDIT SlugStock/views/default/profile.html: 0
[2016-03-14 07:49:12] EDIT SlugStock/views/default/profile.html: 0
[2016-03-14 07:49:50] EDIT SlugStock/views/default/follow.html: 0
[2016-03-14 07:53:00] EDIT SlugStock/controllers/default.py: 0
[2016-03-14 07:54:11] EDIT SlugStock/controllers/default.py: 0
[2016-03-14 07:56:48] EDIT SlugStock/controllers/default.py: 2
[2016-03-14 07:57:16] EDIT SlugStock/controllers/default.py: 0
[2016-03-14 07:59:05] EDIT SlugStock/views/default/follow.html: 0
[2016-03-14 07:59:15] EDIT SlugStock/views/default/follow.html: 0
[2016-03-14 07:59:38] EDIT SlugStock/views/default/follow.html: 0
[2016-03-14 07:59:57] EDIT SlugStock/views/default/follow.html: 0
[2016-03-14 08:00:31] EDIT SlugStock/views/default/follow.html: 0
[2016-03-14 08:01:26] EDIT SlugStock/views/default/follow.html: 0
[2016-03-14 08:01:47] EDIT SlugStock/controllers/default.py: 1
[2016-03-14 08:02:50] EDIT SlugStock/controllers/default.py: -2
[2016-03-14 08:03:31] EDIT SlugStock/views/default/follow.html: 0
[2016-03-14 08:03:38] EDIT SlugStock/views/default/follow.html: 0
[2016-03-14 08:04:02] EDIT SlugStock/views/default/follow.html: 0
[2016-03-14 08:10:46] EDIT SlugStock/controllers/default.py: 10
[2016-03-14 08:11:20] EDIT SlugStock/controllers/default.py: 0
[2016-03-14 08:12:22] EDIT SlugStock/controllers/default.py: 1
[2016-03-14 08:12:52] EDIT SlugStock/controllers/default.py: 0
[2016-03-14 08:13:22] EDIT SlugStock/controllers/default.py: 0
[2016-03-14 08:13:42] EDIT SlugStock/controllers/default.py: 0
[2016-03-14 08:14:49] EDIT SlugStock/controllers/default.py: 0
[2016-03-14 08:15:14] EDIT SlugStock/controllers/default.py: 0
[2016-03-14 08:18:45] EDIT SlugStock/controllers/default.py: -9
[2016-03-14 08:20:55] EDIT SlugStock/controllers/default.py: 0
[2016-03-14 08:21:44] EDIT SlugStock/controllers/default.py: 0
[2016-03-14 08:22:51] EDIT SlugStock/controllers/default.py: 0
[2016-03-14 08:23:02] EDIT SlugStock/controllers/default.py: 0
[2016-03-14 08:24:26] EDIT SlugStock/controllers/default.py: 0
[2016-03-14 08:26:12] EDIT SlugStock/controllers/default.py: 6
[2016-03-14 08:26:33] EDIT SlugStock/controllers/default.py: -1
[2016-03-14 08:27:12] EDIT SlugStock/controllers/default.py: -6
[2016-03-14 08:30:09] EDIT SlugStock/models/db.py: 0
[2016-03-14 08:30:26] EDIT SlugStock/models/db.py: 0
[2016-03-14 08:31:41] EDIT SlugStock/controllers/default.py: 0
[2016-03-14 10:48:00] EDIT SlugStock/views/default/follow.html: 0
[2016-03-14 10:48:25] EDIT SlugStock/views/default/follow.html: 0
[2016-03-14 10:49:23] EDIT SlugStock/views/default/follow.html: -4
[2016-03-14 10:49:49] EDIT SlugStock/controllers/default.py: -2
[2016-03-14 14:07:02] EDIT SlugStock/views/default/index.html: 0
[2016-03-14 14:08:24] EDIT SlugStock/views/default/index.html.1: 0
[2016-03-14 14:09:42] EDIT SlugStock/views/default/index.html.1: 0
[2016-03-14 14:10:30] EDIT SlugStock/views/default/index.html: 0
[2016-03-14 14:10:58] EDIT SlugStock/views/default/index.html.1: 0
[2016-03-14 14:13:41] EDIT SlugStock/views/default/index.html: 0
[2016-03-14 14:17:05] EDIT SlugStock/views/default/index.html: 0
[2016-03-14 14:17:15] EDIT SlugStock/views/default/index.html: -1
[2016-03-14 14:17:49] EDIT SlugStock/views/default/index.html: -1
[2016-03-14 14:18:17] EDIT SlugStock/views/default/index.html: 2
[2016-03-14 14:18:27] EDIT SlugStock/views/default/index.html: 0
[2016-03-14 14:18:43] EDIT SlugStock/views/default/index.html: 0
[2016-03-14 14:20:58] EDIT SlugStock/views/default/index.html: 1
[2016-03-14 14:21:31] EDIT SlugStock/views/default/index.html: 1
[2016-03-14 14:22:27] EDIT SlugStock/views/default/index.html: 3
[2016-03-14 14:24:05] EDIT SlugStock/views/default/index.html: 30
[2016-03-14 14:31:41] EDIT SlugStock/views/default/index.html: -8
[2016-03-14 14:32:24] EDIT SlugStock/views/default/index.html: -17
[2016-03-14 14:35:44] CREATE index.css: 0
[2016-03-14 14:36:23] DELETE SlugStock/static/index.css: 0
[2016-03-14 14:36:51] CREATE css/index.css: 0
[2016-03-14 14:37:37] EDIT SlugStock/static/css/index.css: 20
[2016-03-14 14:38:07] EDIT SlugStock/views/default/index.html: -4
[2016-03-14 14:49:20] EDIT SlugStock/views/default/index.html: 1
[2016-03-14 14:49:42] EDIT SlugStock/views/default/index.html: 0
[2016-03-14 14:49:56] EDIT SlugStock/views/default/index.html: 0
[2016-03-14 15:00:19] EDIT SlugStock/views/default/index.html: 0
[2016-03-14 15:01:28] EDIT SlugStock/views/default/index.html: 0
[2016-03-14 15:01:40] EDIT SlugStock/views/default/index.html: 0
[2016-03-14 15:18:08] EDIT SlugStock/views/default/index.html: 2
[2016-03-14 15:20:36] EDIT SlugStock/views/default/index.html: 0
[2016-03-14 15:21:01] EDIT SlugStock/views/default/index.html: 0
[2016-03-14 15:25:39] EDIT SlugStock/static/css/index.css: 4
[2016-03-14 15:26:02] EDIT SlugStock/static/css/index.css: 0
[2016-03-14 15:26:52] EDIT SlugStock/static/css/index.css: 0
[2016-03-14 15:26:55] EDIT SlugStock/static/css/index.css: 0
[2016-03-14 15:27:00] EDIT SlugStock/views/default/index.html: 0
[2016-03-14 15:38:48] EDIT SlugStock/static/css/index.css: 1
[2016-03-14 15:41:04] EDIT SlugStock/static/css/index.css: -1
[2016-03-14 15:42:26] EDIT SlugStock/static/css/index.css: -2
[2016-03-14 15:42:59] EDIT SlugStock/static/css/index.css: 1
[2016-03-14 15:48:58] EDIT SlugStock/static/css/index.css: 1
[2016-03-14 15:49:35] EDIT SlugStock/static/css/index.css: 0
[2016-03-14 15:49:49] EDIT SlugStock/static/css/index.css: 0
[2016-03-14 15:50:02] EDIT SlugStock/static/css/index.css: 0
[2016-03-14 15:50:27] EDIT SlugStock/static/css/index.css: 0
[2016-03-14 15:50:51] EDIT SlugStock/static/css/index.css: 0
[2016-03-14 15:51:02] EDIT SlugStock/static/css/index.css: 0
[2016-03-14 15:52:16] EDIT SlugStock/static/css/index.css: 1
[2016-03-14 15:52:31] EDIT SlugStock/static/css/index.css: 0
[2016-03-14 15:52:44] EDIT SlugStock/static/css/index.css: 0
[2016-03-14 15:52:55] EDIT SlugStock/static/css/index.css: 0
[2016-03-14 15:53:03] EDIT SlugStock/static/css/index.css: 0
[2016-03-14 15:53:31] EDIT SlugStock/static/css/index.css: -1
[2016-03-14 15:54:38] EDIT SlugStock/static/css/index.css: 3
[2016-03-14 15:55:53] EDIT SlugStock/static/css/index.css: 1
[2016-03-14 15:58:14] EDIT SlugStock/views/default/index.html: 0
[2016-03-14 15:58:24] EDIT SlugStock/views/default/index.html: 0
[2016-03-14 15:59:05] EDIT SlugStock/views/default/index.html: 0
[2016-03-14 15:59:21] EDIT SlugStock/views/default/index.html: -1
[2016-03-14 15:59:32] EDIT SlugStock/views/default/index.html: 1
[2016-03-14 15:59:56] EDIT SlugStock/views/default/index.html: 0
[2016-03-14 16:10:28] EDIT SlugStock/static/css/index.css: 0
[2016-03-14 16:12:16] EDIT SlugStock/static/css/index.css: -1
[2016-03-14 16:13:06] EDIT SlugStock/static/css/index.css: 0
[2016-03-14 16:13:49] EDIT SlugStock/static/css/index.css: 0
[2016-03-14 16:14:17] EDIT SlugStock/static/css/index.css: 0
[2016-03-14 16:14:31] EDIT SlugStock/static/css/index.css: 0
[2016-03-14 16:14:51] EDIT SlugStock/static/css/index.css: 0
[2016-03-14 16:15:01] EDIT SlugStock/static/css/index.css: 0
[2016-03-14 16:15:16] EDIT SlugStock/static/css/index.css: 0
[2016-03-14 16:15:27] EDIT SlugStock/static/css/index.css: 0
[2016-03-14 16:15:41] EDIT SlugStock/static/css/index.css: 0
[2016-03-14 16:15:50] EDIT SlugStock/static/css/index.css: 0
[2016-03-14 16:16:07] EDIT SlugStock/static/css/index.css: 0
[2016-03-14 16:16:23] EDIT SlugStock/static/css/index.css: 0
[2016-03-14 16:16:36] EDIT SlugStock/static/css/index.css: 0
[2016-03-14 16:17:07] EDIT SlugStock/views/default/index.html: 0
[2016-03-14 16:17:23] EDIT SlugStock/views/default/index.html: 0
[2016-03-14 17:18:55] EDIT SlugStock/views/default/index.html: 0
[2016-03-14 18:24:54] EDIT SlugStock/views/default/index.html.1: 0
[2016-03-14 18:25:27] EDIT SlugStock/views/default/index.html.1: 0
[2016-03-14 18:26:54] EDIT SlugStock/controllers/default.py: 0
[2016-03-14 18:27:18] EDIT SlugStock/views/default/index.html: 0
[2016-03-14 18:29:00] EDIT SlugStock/views/default/index.html: 1
[2016-03-14 18:29:38] EDIT SlugStock/views/default/index.html: 4
[2016-03-14 18:29:54] EDIT SlugStock/views/default/index.html: 0
[2016-03-14 18:30:10] EDIT SlugStock/views/default/index.html: 0
[2016-03-14 18:31:25] EDIT SlugStock/views/default/index.html: 0
[2016-03-14 19:40:02] EDIT SlugStock/views/default/index.html: 13
[2016-03-14 19:40:08] EDIT SlugStock/views/default/index.html: 0
[2016-03-14 19:40:49] EDIT SlugStock/views/default/index.html: 0
[2016-03-14 19:41:29] EDIT SlugStock/views/default/index.html: -8
[2016-03-14 19:41:54] EDIT SlugStock/views/default/index.html: -5
[2016-03-14 19:57:34] EDIT SlugStock/models/db.py: 1
[2016-03-14 19:57:56] EDIT SlugStock/models/db.py: 0
[2016-03-14 19:58:16] EDIT SlugStock/views/layout.html: 0
[2016-03-14 20:01:13] EDIT SlugStock/controllers/default.py: 2
[2016-03-14 20:03:48] EDIT SlugStock/views/default/index.html: 9
[2016-03-14 20:05:33] EDIT SlugStock/views/layout.html: 0
[2016-03-14 20:10:58] EDIT SlugStock/views/default/index.html: -9
[2016-03-14 20:11:19] EDIT SlugStock/views/default/index.html: 17
[2016-03-14 20:20:56] EDIT SlugStock/controllers/default.py: 0
[2016-03-14 20:22:55] EDIT SlugStock/views/default/index.html: -2
[2016-03-14 20:23:10] EDIT SlugStock/controllers/default.py: 0
[2016-03-14 20:23:36] EDIT SlugStock/views/default/index.html: -9
[2016-03-14 20:24:32] EDIT SlugStock/views/default/index.html: 0
[2016-03-14 20:44:24] EDIT SlugStock/views/default/profile.html: 0
[2016-03-14 20:45:58] EDIT SlugStock/views/default/profile.html: 0
[2016-03-14 20:50:03] EDIT SlugStock/views/default/profile.html: 1
[2016-03-14 20:50:25] EDIT SlugStock/views/default/profile.html: 0
[2016-03-14 20:50:51] EDIT SlugStock/views/default/profile.html: -1
[2016-03-14 21:00:29] EDIT SlugStock/views/default/profile.html: 0
[2016-03-14 21:00:55] EDIT SlugStock/views/default/profile.html: 0
[2016-03-14 21:01:06] EDIT SlugStock/views/default/profile.html: 0
[2016-03-14 21:02:18] EDIT SlugStock/views/default/profile.html: 0
[2016-03-14 21:02:51] EDIT SlugStock/views/default/profile.html: 0
[2016-03-14 21:22:34] CREATE css/profile.css: 0
[2016-03-14 21:39:17] EDIT SlugStock/views/default/profile.html: 1
[2016-03-14 21:39:54] EDIT SlugStock/static/css/profile.css: 3
[2016-03-14 21:41:51] EDIT SlugStock/views/default/profile.html: 0
[2016-03-14 21:43:46] EDIT SlugStock/static/css/profile.css: 4
[2016-03-14 21:44:24] EDIT SlugStock/static/css/profile.css: 0
[2016-03-14 21:45:11] EDIT SlugStock/static/css/profile.css: -4
[2016-03-14 21:45:49] EDIT SlugStock/views/default/profile.html: 0
[2016-03-14 21:47:16] EDIT SlugStock/views/default/profile.html: 0
[2016-03-14 21:47:54] EDIT SlugStock/static/css/profile.css: 19
[2016-03-14 21:48:14] EDIT SlugStock/static/css/profile.css: -19
[2016-03-14 21:48:44] EDIT SlugStock/views/default/profile.html: 0
[2016-03-14 22:02:24] EDIT SlugStock/views/layout.html: 0
[2016-03-14 22:03:20] EDIT SlugStock/views/layout.html: 0
[2016-03-14 22:03:30] EDIT SlugStock/views/layout.html: 0
[2016-03-14 22:03:42] EDIT SlugStock/views/layout.html: 0
[2016-03-14 22:07:38] EDIT SlugStock/static/css/profile.css: 0
[2016-03-14 22:07:42] EDIT SlugStock/views/default/profile.html: 0
[2016-03-14 22:09:26] EDIT SlugStock/views/layout.html: 3
[2016-03-14 22:09:47] EDIT SlugStock/views/layout.html: -1
[2016-03-14 22:18:47] EDIT SlugStock/views/default/profile.html: 4
[2016-03-14 22:19:42] EDIT SlugStock/views/default/profile.html: 2
[2016-03-14 22:20:50] EDIT SlugStock/views/default/profile.html: 0
[2016-03-14 22:23:02] EDIT SlugStock/views/default/profile.html: -6
[2016-03-14 22:23:25] EDIT SlugStock/views/default/profile.html: 0
[2016-03-14 22:24:44] EDIT SlugStock/controllers/default.py: 0
[2016-03-14 22:24:58] EDIT SlugStock/views/default/profile.html: 0
[2016-03-14 22:27:15] EDIT SlugStock/views/default/profile.html: 0
[2016-03-14 22:29:15] EDIT SlugStock/views/default/profile.html: 0
[2016-03-14 22:29:56] EDIT SlugStock/views/default/profile.html: 0
[2016-03-14 22:32:37] EDIT SlugStock/views/default/profile.html: 2
[2016-03-14 22:35:13] EDIT SlugStock/views/default/profile.html: 1
[2016-03-14 22:35:37] EDIT SlugStock/views/default/profile.html: 0
[2016-03-14 22:36:05] EDIT SlugStock/views/default/profile.html: 0
[2016-03-14 22:41:45] EDIT SlugStock/static/css/profile.css: -1
[2016-03-14 22:45:40] EDIT SlugStock/views/layout.html: 1
[2016-03-14 22:47:32] EDIT SlugStock/views/layout.html: 0
[2016-03-14 22:48:40] EDIT SlugStock/views/layout.html: 0
[2016-03-14 22:49:27] EDIT SlugStock/views/layout.html: 0
[2016-03-14 22:49:58] EDIT SlugStock/static/css/profile.css: 1
[2016-03-14 22:50:16] EDIT SlugStock/static/css/profile.css: 0
[2016-03-14 22:50:32] EDIT SlugStock/static/css/profile.css: 0
[2016-03-14 22:50:45] EDIT SlugStock/static/css/profile.css: 0
[2016-03-14 22:51:45] EDIT SlugStock/static/css/profile.css: 0
[2016-03-14 22:52:40] EDIT SlugStock/static/css/profile.css: 0
[2016-03-14 22:52:51] EDIT SlugStock/static/css/profile.css: 0
[2016-03-14 22:54:01] EDIT SlugStock/static/css/profile.css: 1
[2016-03-14 22:54:21] EDIT SlugStock/static/css/profile.css: 0
[2016-03-14 22:55:09] EDIT SlugStock/static/css/profile.css: 2
[2016-03-14 22:55:40] EDIT SlugStock/static/css/profile.css: 0
[2016-03-14 22:56:34] EDIT SlugStock/static/css/profile.css: 0
[2016-03-14 22:57:05] EDIT SlugStock/static/css/profile.css: 0
[2016-03-14 22:57:26] EDIT SlugStock/static/css/profile.css: 0
[2016-03-14 22:57:38] EDIT SlugStock/static/css/profile.css: 0
[2016-03-14 22:57:48] EDIT SlugStock/static/css/profile.css: 0
[2016-03-14 22:58:07] EDIT SlugStock/static/css/profile.css: 0
[2016-03-14 22:58:27] EDIT SlugStock/static/css/profile.css: 0
[2016-03-14 22:59:37] EDIT SlugStock/static/css/profile.css: 0
[2016-03-14 22:59:57] EDIT SlugStock/static/css/profile.css: 0
[2016-03-14 23:00:31] EDIT SlugStock/static/css/profile.css: 0
[2016-03-14 23:01:07] EDIT SlugStock/static/css/profile.css: 0
[2016-03-14 23:14:03] EDIT SlugStock/views/default/profile.html: 0
[2016-03-14 23:14:17] EDIT SlugStock/views/default/profile.html: 0
[2016-03-14 23:16:38] EDIT SlugStock/views/default/profile.html: 2
[2016-03-14 23:17:17] EDIT SlugStock/views/default/profile.html: -1
[2016-03-14 23:17:35] EDIT SlugStock/views/default/profile.html: 1
[2016-03-14 23:18:52] EDIT SlugStock/views/default/profile.html: 0
[2016-03-14 23:20:20] EDIT SlugStock/views/default/profile.html: 0
[2016-03-14 23:24:00] EDIT SlugStock/views/default/profile.html: 1
[2016-03-14 23:24:14] EDIT SlugStock/views/default/profile.html: 0
[2016-03-14 23:25:06] EDIT SlugStock/views/default/profile.html: 1
[2016-03-14 23:26:36] EDIT SlugStock/views/default/profile.html: 0
[2016-03-14 23:31:10] EDIT SlugStock/views/default/profile.html: 0
[2016-03-14 23:32:49] EDIT SlugStock/views/default/profile.html: 2
[2016-03-14 23:33:42] EDIT SlugStock/views/default/profile.html: 0
[2016-03-14 23:33:59] EDIT SlugStock/views/default/profile.html: 0
[2016-03-14 23:34:08] EDIT SlugStock/views/default/profile.html: 0
[2016-03-14 23:34:52] EDIT SlugStock/views/default/profile.html: 0
[2016-03-14 23:35:26] EDIT SlugStock/views/default/profile.html: 0
[2016-03-14 23:35:52] EDIT SlugStock/views/default/profile.html: 0
[2016-03-14 23:36:14] EDIT SlugStock/views/default/profile.html: 0
[2016-03-14 23:37:24] EDIT SlugStock/views/default/profile.html: 0
[2016-03-14 23:37:46] EDIT SlugStock/views/default/profile.html: 0
[2016-03-14 23:38:05] EDIT SlugStock/views/default/profile.html: 0
[2016-03-14 23:38:59] EDIT SlugStock/views/default/profile.html: 0
[2016-03-14 23:42:11] EDIT SlugStock/views/default/profile.html: 0
[2016-03-14 23:42:23] EDIT SlugStock/static/css/profile.css: 3
[2016-03-14 23:42:40] EDIT SlugStock/static/css/profile.css: 0
[2016-03-14 23:43:26] EDIT SlugStock/static/css/profile.css: 0
[2016-03-14 23:43:48] EDIT SlugStock/static/css/profile.css: 0
[2016-03-14 23:44:07] EDIT SlugStock/static/css/profile.css: 0
[2016-03-14 23:44:30] EDIT SlugStock/static/css/profile.css: 0
[2016-03-14 23:46:42] EDIT SlugStock/views/default/profile.html: 0
[2016-03-14 23:47:02] EDIT SlugStock/views/default/profile.html: 0
[2016-03-14 23:47:19] EDIT SlugStock/views/default/profile.html: 0
[2016-03-14 23:49:04] EDIT SlugStock/static/css/profile.css: 0
[2016-03-14 23:50:02] EDIT SlugStock/views/default/profile.html: 0
[2016-03-14 23:50:22] EDIT SlugStock/views/default/profile.html: 0
[2016-03-14 23:51:07] EDIT SlugStock/views/default/profile.html: 0
[2016-03-14 23:51:10] EDIT SlugStock/static/css/profile.css: 0
[2016-03-14 23:51:33] EDIT SlugStock/static/css/profile.css: 0
[2016-03-14 23:51:39] EDIT SlugStock/views/default/profile.html: 0
[2016-03-14 23:52:45] EDIT SlugStock/static/css/profile.css: 2
[2016-03-14 23:52:50] EDIT SlugStock/static/css/profile.css: 1
[2016-03-14 23:53:40] EDIT SlugStock/views/default/profile.html: 0
[2016-03-14 23:54:16] EDIT SlugStock/views/default/profile.html: 0
[2016-03-14 23:54:30] EDIT SlugStock/views/default/profile.html: 0
[2016-03-14 23:54:52] EDIT SlugStock/static/css/profile.css: 0
[2016-03-14 23:55:29] EDIT SlugStock/views/default/profile.html: 0
[2016-03-14 23:56:50] EDIT SlugStock/views/default/profile.html: 0
[2016-03-14 23:57:39] EDIT SlugStock/views/default/profile.html: 0
[2016-03-14 23:58:37] EDIT SlugStock/views/default/profile.html: 0
[2016-03-14 23:59:27] EDIT SlugStock/views/default/profile.html: 0
[2016-03-15 00:04:00] EDIT SlugStock/static/css/profile.css: 0
[2016-03-15 00:04:21] EDIT SlugStock/views/default/profile.html: 0
[2016-03-15 00:05:28] EDIT SlugStock/static/css/profile.css: 0
[2016-03-15 00:05:56] EDIT SlugStock/static/css/profile.css: 0
[2016-03-15 00:15:08] EDIT SlugStock/views/default/profile.html: 0
[2016-03-15 00:15:22] EDIT SlugStock/views/default/profile.html: 0
[2016-03-15 00:15:52] EDIT SlugStock/views/default/profile.html: 0
[2016-03-15 00:22:08] EDIT SlugStock/views/default/profile.html: 0
[2016-03-15 00:23:15] EDIT SlugStock/views/default/profile.html: 0
[2016-03-15 00:23:58] EDIT SlugStock/views/default/profile.html: 0
[2016-03-15 00:25:06] EDIT SlugStock/views/default/profile.html: 0
[2016-03-15 00:26:17] EDIT SlugStock/static/css/profile.css: 3
[2016-03-15 00:28:16] EDIT SlugStock/views/default/profile.html: 1
[2016-03-15 00:29:12] EDIT SlugStock/views/default/profile.html: -1
[2016-03-15 00:30:13] EDIT SlugStock/views/default/profile.html: 1
[2016-03-15 00:30:36] EDIT SlugStock/views/default/profile.html: 0
[2016-03-15 00:32:25] EDIT SlugStock/views/default/profile.html: 0
[2016-03-15 00:37:17] EDIT SlugStock/views/default/profile.html: 0
[2016-03-15 00:37:47] EDIT SlugStock/views/default/profile.html: 0
[2016-03-15 00:38:45] EDIT SlugStock/views/default/profile.html: -8
[2016-03-15 00:39:13] EDIT SlugStock/views/default/profile.html: 0
[2016-03-15 00:39:52] EDIT SlugStock/views/default/profile.html: 1
[2016-03-15 00:41:07] EDIT SlugStock/views/default/profile.html: -1
[2016-03-15 00:41:16] EDIT SlugStock/views/default/profile.html: 1
[2016-03-15 00:42:29] EDIT SlugStock/views/default/profile.html: 2
[2016-03-15 00:42:49] EDIT SlugStock/views/default/profile.html: 0
[2016-03-15 00:43:42] EDIT SlugStock/views/default/profile.html: 0
[2016-03-15 00:44:55] EDIT SlugStock/views/default/profile.html: 0
[2016-03-15 00:46:04] EDIT SlugStock/views/default/profile.html: 0
[2016-03-15 00:46:52] EDIT SlugStock/views/default/profile.html: 0
[2016-03-15 00:47:55] EDIT SlugStock/views/default/profile.html: 0
[2016-03-15 00:48:42] EDIT SlugStock/views/default/profile.html: 0
[2016-03-15 00:49:57] EDIT SlugStock/views/default/profile.html: 0
[2016-03-15 00:51:10] EDIT SlugStock/views/default/profile.html: 0
[2016-03-15 00:51:35] EDIT SlugStock/views/default/profile.html: 0
[2016-03-15 00:51:49] EDIT SlugStock/views/default/profile.html: 0
[2016-03-15 00:53:21] EDIT SlugStock/views/default/profile.html: 3
[2016-03-15 00:53:47] EDIT SlugStock/views/default/profile.html: 0
[2016-03-15 00:54:23] EDIT SlugStock/views/default/profile.html: 0
[2016-03-15 00:55:44] EDIT SlugStock/views/default/profile.html: 0
[2016-03-15 00:57:00] EDIT SlugStock/views/default/profile.html: -2
[2016-03-15 00:57:47] EDIT SlugStock/views/default/profile.html: 0
[2016-03-15 00:57:55] EDIT SlugStock/views/default/profile.html: 0
[2016-03-15 01:04:02] EDIT SlugStock/views/default/profile.html: 0
[2016-03-15 01:07:39] EDIT SlugStock/views/default/profile.html: 0
[2016-03-15 01:08:10] EDIT SlugStock/views/default/profile.html: -1
[2016-03-15 01:12:24] EDIT SlugStock/views/default/profile.html: 1
[2016-03-15 01:12:59] EDIT SlugStock/views/default/profile.html: 0
[2016-03-15 01:13:27] EDIT SlugStock/views/default/profile.html: 0
[2016-03-15 01:14:19] EDIT SlugStock/views/default/profile.html: 2
[2016-03-15 01:15:35] EDIT SlugStock/views/default/profile.html: 0
[2016-03-15 01:16:31] EDIT SlugStock/views/default/profile.html: 0
[2016-03-15 01:17:10] EDIT SlugStock/views/default/profile.html: 0
[2016-03-15 01:18:29] EDIT SlugStock/views/default/profile.html: 0
[2016-03-15 01:19:38] EDIT SlugStock/views/default/profile.html: 0
[2016-03-15 01:26:19] EDIT SlugStock/views/default/profile.html: 0
[2016-03-15 01:28:00] EDIT SlugStock/views/default/profile.html: 0
[2016-03-15 01:28:48] EDIT SlugStock/views/default/profile.html: 0
[2016-03-15 01:29:19] EDIT SlugStock/views/default/profile.html: 0
[2016-03-15 01:30:47] EDIT SlugStock/views/default/profile.html: 0
[2016-03-15 01:32:00] EDIT SlugStock/views/default/profile.html: 0
[2016-03-15 02:05:32] EDIT SlugStock/views/default/profile.html: 0
[2016-03-15 02:05:54] EDIT SlugStock/views/default/profile.html: 0
[2016-03-15 02:06:37] EDIT SlugStock/views/default/profile.html: 0
[2016-03-15 02:07:13] EDIT SlugStock/views/default/profile.html: 0
[2016-03-15 02:07:24] EDIT SlugStock/views/default/profile.html: 0
[2016-03-15 02:07:40] EDIT SlugStock/views/default/profile.html: 0
[2016-03-15 02:36:59] EDIT SlugStock/views/default/profile.html: 0
[2016-03-15 02:37:29] EDIT SlugStock/views/default/profile.html: 0
[2016-03-15 02:38:59] EDIT SlugStock/views/default/profile.html: 0
[2016-03-15 02:39:56] EDIT SlugStock/static/css/profile.css: 3
[2016-03-15 02:39:58] EDIT SlugStock/views/default/profile.html: 0
[2016-03-15 02:41:10] EDIT SlugStock/static/css/profile.css: 0
[2016-03-15 02:46:05] EDIT SlugStock/views/default/follow.html: 0
[2016-03-15 02:47:33] EDIT SlugStock/views/default/follow.html: 0
[2016-03-15 02:48:08] EDIT SlugStock/views/default/follow.html: 0
[2016-03-15 02:49:01] EDIT SlugStock/views/default/follow.html: 0
[2016-03-15 02:49:33] EDIT SlugStock/views/default/follow.html: 0
[2016-03-15 02:53:14] EDIT SlugStock/views/default/profile.html: 0
[2016-03-15 02:55:07] EDIT SlugStock/views/default/follow.html: 1
[2016-03-15 02:56:30] EDIT SlugStock/views/default/follow.html: -1
[2016-03-15 03:02:09] EDIT SlugStock/views/default/follow.html: 4
[2016-03-15 03:02:51] EDIT SlugStock/views/default/follow.html: 0
[2016-03-15 03:04:43] EDIT SlugStock/views/default/follow.html: 0
[2016-03-15 03:05:20] EDIT SlugStock/views/default/follow.html: 0
[2016-03-15 03:05:41] EDIT SlugStock/views/default/follow.html: 0
[2016-03-15 03:06:12] EDIT SlugStock/views/default/follow.html: 0
[2016-03-15 03:07:07] EDIT SlugStock/views/default/follow.html: 0
[2016-03-15 03:08:03] EDIT SlugStock/views/default/follow.html: 0
[2016-03-15 03:09:13] EDIT SlugStock/views/default/follow.html: 0
[2016-03-15 03:09:39] EDIT SlugStock/views/default/follow.html: 0
[2016-03-15 03:10:00] EDIT SlugStock/views/default/follow.html: 0
[2016-03-15 03:13:42] EDIT SlugStock/views/default/follow.html: 0
[2016-03-15 03:14:03] EDIT SlugStock/views/default/follow.html: 0
[2016-03-15 03:14:42] EDIT SlugStock/views/default/follow.html: 0
[2016-03-15 03:15:57] EDIT SlugStock/views/default/follow.html: 0
[2016-03-15 03:16:59] EDIT SlugStock/views/default/follow.html: 0
[2016-03-15 03:18:12] EDIT SlugStock/views/default/follow.html: 0
[2016-03-15 03:18:57] EDIT SlugStock/views/default/follow.html: 0
[2016-03-15 03:19:35] EDIT SlugStock/views/default/follow.html: 0
[2016-03-15 03:22:01] EDIT SlugStock/views/default/follow.html: 3
[2016-03-15 03:22:25] EDIT SlugStock/views/default/follow.html: 0
[2016-03-15 03:52:29] EDIT SlugStock/views/default/profile.html: 0
[2016-03-15 03:54:34] EDIT SlugStock/views/default/profile.html: 0
[2016-03-15 03:56:20] EDIT SlugStock/views/default/profile.html: 0
[2016-03-15 03:56:43] EDIT SlugStock/views/default/profile.html: 0
[2016-03-15 03:57:49] EDIT SlugStock/views/default/profile.html: 0
[2016-03-15 03:58:10] EDIT SlugStock/views/default/profile.html: 0
[2016-03-15 03:59:51] EDIT SlugStock/views/default/profile.html: 0
[2016-03-15 04:05:14] EDIT SlugStock/views/layout.html: 1
[2016-03-15 04:05:34] EDIT SlugStock/views/layout.html: 0
[2016-03-15 04:06:25] EDIT SlugStock/views/layout.html: -1
[2016-03-15 04:06:42] EDIT SlugStock/views/layout.html: 0
[2016-03-15 04:07:12] EDIT SlugStock/views/layout.html: 0
[2016-03-15 04:08:20] EDIT SlugStock/views/layout.html: 0
[2016-03-15 04:08:37] EDIT SlugStock/views/layout.html: 0
[2016-03-15 04:08:51] EDIT SlugStock/views/layout.html: 0
[2016-03-15 04:09:19] EDIT SlugStock/views/layout.html: 0
[2016-03-15 04:09:47] EDIT SlugStock/views/layout.html: 0
[2016-03-15 04:10:29] EDIT SlugStock/views/layout.html: 1
[2016-03-15 04:11:02] EDIT SlugStock/views/layout.html: -1
[2016-03-15 04:11:41] EDIT SlugStock/views/layout.html: 0
[2016-03-15 04:12:28] EDIT SlugStock/views/layout.html: 1
[2016-03-15 04:13:25] EDIT SlugStock/views/layout.html: -1
[2016-03-15 04:14:14] EDIT SlugStock/views/layout.html: -2
[2016-03-15 04:15:04] EDIT SlugStock/views/layout.html: 0
[2016-03-15 04:15:40] EDIT SlugStock/views/layout.html: 2
[2016-03-15 04:15:55] EDIT SlugStock/views/layout.html: 0
[2016-03-15 04:16:17] EDIT SlugStock/views/layout.html: 0
[2016-03-15 04:20:06] EDIT SlugStock/static/css/profile.css: 0
[2016-03-15 04:20:43] EDIT SlugStock/views/layout.html: 0
[2016-03-15 04:29:40] EDIT SlugStock/views/default/index.html: 2
[2016-03-15 04:30:23] EDIT SlugStock/views/default/index.html: 0
[2016-03-15 04:30:34] EDIT SlugStock/views/default/index.html: 0
[2016-03-15 04:31:04] EDIT SlugStock/views/default/index.html: 0
[2016-03-15 04:31:57] EDIT SlugStock/views/default/index.html: 0
[2016-03-15 04:32:28] EDIT SlugStock/views/default/index.html: 0
[2016-03-15 04:33:07] EDIT SlugStock/views/default/index.html: 0
[2016-03-15 04:33:30] EDIT SlugStock/views/default/index.html: 0
[2016-03-15 04:34:14] EDIT SlugStock/views/default/index.html: -1
[2016-03-15 04:34:30] EDIT SlugStock/views/default/index.html: -1
[2016-03-15 04:34:45] EDIT SlugStock/views/default/index.html: 0
[2016-03-15 07:18:58] EDIT SlugStock/controllers/default.py: 0
[2016-03-15 07:29:08] EDIT SlugStock/models/scheduler.py: 2
[2016-03-15 07:34:18] EDIT SlugStock/controllers/default.py: 0
[2016-03-15 07:34:52] EDIT SlugStock/controllers/default.py: 0
