96-unterminated.oc:5:12: warning: missing terminating " character [enabled by default]
 string s = "abc;
            ^
96-unterminated.oc:6:10: warning: missing terminating ' character [enabled by default]
 char c = 'a;
          ^
96-unterminated.oc:7:5: warning: missing terminating " character [enabled by default]
 s = "abcd\";
     ^
96-unterminated.oc:8:5: warning: missing terminating " character [enabled by default]
 s = "abc|\
     ^
oc: 96-unterminated.oc: 4: invalid token ("\*/")
oc: 96-unterminated.oc: 4: syntax error, unexpected ';'
oc: 96-unterminated.oc: 5: invalid token ("abc;)
oc: 96-unterminated.oc: 6: syntax error, unexpected TOK_CHAR
oc: 96-unterminated.oc: 6: invalid token ('a)
oc: 96-unterminated.oc: 7: invalid token ("abcd\";)
oc: 96-unterminated.oc: 8: invalid token ("abc|;)
oc: 96-unterminated.oc: 10: syntax error, unexpected TOK_INT
oc: 96-unterminated.oc: 10: invalid token (23foobar)
oc: Some error occurred in the scanner
oc: Syntax error found in parser
