fopen (timestamp.FFFFFFFF80000000): OK
fopen (timestamp.0000000000000000): OK
fopen (timestamp.000000005159D5C9): OK
fopen (timestamp.00000000526181C9): OK
fopen (timestamp.0000000053692DC9): OK
fopen (timestamp.000000007FFFFFFF): OK
fopen (timestamp.00000000FFFFFFFF): OK
fopen (timestamp.000000FFFFFFFFFF): OK
-rw-------. 1 58 Dec 13  1901 timestamp.FFFFFFFF80000000
-rw-------. 1 60 Dec 31  1969 timestamp.000000FFFFFFFFFF
-rw-------. 1 58 Dec 31  1969 timestamp.00000000FFFFFFFF
-rw-------. 1 58 Dec 31  1969 timestamp.0000000000000000
-rw-------. 1 58 Apr  1  2013 timestamp.000000005159D5C9
-rw-------. 1 58 Oct 18 11:45 timestamp.00000000526181C9
-rw-------. 1 58 May  6  2014 timestamp.0000000053692DC9
-rw-------. 1 58 Jan 18  2038 timestamp.000000007FFFFFFF
timestamp.0000000000000000:Wed Dec 31 16:00:00 1969 PST
timestamp.0000000000000000:Thu Jan  1 00:00:00 1970 GMT
timestamp.000000005159D5C9:Mon Apr  1 11:45:29 2013 PDT
timestamp.000000005159D5C9:Mon Apr  1 18:45:29 2013 GMT
timestamp.00000000526181C9:Fri Oct 18 11:45:29 2013 PDT
timestamp.00000000526181C9:Fri Oct 18 18:45:29 2013 GMT
timestamp.0000000053692DC9:Tue May  6 11:45:29 2014 PDT
timestamp.0000000053692DC9:Tue May  6 18:45:29 2014 GMT
timestamp.000000007FFFFFFF:Mon Jan 18 19:14:07 2038 PST
timestamp.000000007FFFFFFF:Tue Jan 19 03:14:07 2038 GMT
timestamp.00000000FFFFFFFF:Sat Feb  6 22:28:15 2106 PST
timestamp.00000000FFFFFFFF:Sun Feb  7 06:28:15 2106 GMT
timestamp.000000FFFFFFFFFF:Sun Feb 19 16:36:15 36812 PST
timestamp.000000FFFFFFFFFF:Mon Feb 20 00:36:15 36812 GMT
timestamp.FFFFFFFF80000000:Fri Dec 13 12:45:52 1901 PST
timestamp.FFFFFFFF80000000:Fri Dec 13 20:45:52 1901 GMT
100700       586 May 14 21:31 l8stat.perl
100600      1102 Oct 18 11:45 futuretimes.c
100600      1882 Oct 18 11:45 mkstampfiles.c
100600      1601 May 17 17:56 showlink.c
100600        58 Dec 31  1969 timestamp.0000000000000000
100600        58 Apr  1  2013 timestamp.000000005159D5C9
100600        58 Oct 18 11:45 timestamp.00000000526181C9
100600        58 May  6  2014 timestamp.0000000053692DC9
100600        58 Jan 18  2038 timestamp.000000007FFFFFFF
100600        58 Dec 31  1969 timestamp.00000000FFFFFFFF
100600        60 Dec 31  1969 timestamp.000000FFFFFFFFFF
100600        58 Dec 13  1901 timestamp.FFFFFFFF80000000
